#
# There is insufficient memory for the Java Runtime Environment to continue.
# Native memory allocation (malloc) failed to allocate 1017936 bytes for Chunk::new
# Possible reasons:
#   The system is out of physical RAM or swap space
#   The process is running with CompressedOops enabled, and the Java Heap may be blocking the growth of the native heap
# Possible solutions:
#   Reduce memory load on the system
#   Increase physical memory or swap space
#   Check if swap backing store is full
#   Decrease Java heap size (-Xmx/-Xms)
#   Decrease number of Java threads
#   Decrease Java thread stack sizes (-Xss)
#   Set larger code cache with -XX:ReservedCodeCacheSize=
#   JVM is running with Unscaled Compressed Oops mode in which the Java heap is
#     placed in the first 4GB address space. The Java Heap base address is the
#     maximum limit for the native heap growth. Please use -XX:HeapBaseMinAddress
#     to set the Java Heap base and to place the Java Heap above 4GB virtual address.
# This output file may be truncated or incomplete.
#
#  Out of Memory Error (./src/hotspot/share/memory/arena.cpp:197), pid=3140, tid=12900
#
# JRE version: OpenJDK Runtime Environment AdoptOpenJDK (11.0.10+9) (build 11.0.10+9)
# Java VM: OpenJDK 64-Bit Server VM AdoptOpenJDK (11.0.10+9, mixed mode, tiered, compressed oops, g1 gc, windows-amd64)
# No core dump will be written. Minidumps are not enabled by default on client versions of Windows
#

---------------  S U M M A R Y ------------

Command Line: -Dallure.results.directory=C:\Users\ilich\IdeaProjects\Diploma1\build\allure-results -Ddb.password=pass -Ddb.url=jdbc:mysql://localhost:3306/app -Ddb.user=app -Dorg.gradle.native=false -Dselenide.headless -Dsut.url=localhost:8080 -javaagent:C:\Users\ilich\.gradle\caches\modules-2\files-2.1\org.aspectj\aspectjweaver\1.8.10\e198c5fee28988c355f74e06461614eae36b2032\aspectjweaver-1.8.10.jar -Xmx512m -Dfile.encoding=windows-1251 -Duser.country=RU -Duser.language=ru -Duser.variant -ea worker.org.gradle.process.internal.worker.GradleWorkerMain 'Gradle Test Executor 7'

Host: AMD Ryzen 3 3200U with Radeon Vega Mobile Gfx  , 4 cores, 3G,  Windows 10 , 64 bit Build 19041 (10.0.19041.1348)
Time: Mon Dec 20 21:57:52 2021 RTZ 2 (зима) elapsed time: 53.359593 seconds (0d 0h 0m 53s)

---------------  T H R E A D  ---------------

Current thread (0x00000248d5eca800):  JavaThread "C2 CompilerThread0" daemon [_thread_in_native, id=12900, stack(0x0000005c30000000,0x0000005c30100000)]


Current CompileTask:
C2:  53359 7420  s    4       sun.net.www.protocol.file.Handler::openConnection (7 bytes)

Stack: [0x0000005c30000000,0x0000005c30100000]
Native frames: (J=compiled Java code, j=interpreted, Vv=VM code, C=native code)
V  [jvm.dll+0x5f35ea]
V  [jvm.dll+0x77c65e]
V  [jvm.dll+0x77dd2f]
V  [jvm.dll+0x77e3f3]
V  [jvm.dll+0x246c38]
V  [jvm.dll+0xbe6cc]
V  [jvm.dll+0xbedcc]
V  [jvm.dll+0x34bfd7]
V  [jvm.dll+0x319e33]
V  [jvm.dll+0x31916a]
V  [jvm.dll+0x200525]
V  [jvm.dll+0x1ff70f]
V  [jvm.dll+0x1846bc]
V  [jvm.dll+0x20ec37]
V  [jvm.dll+0x20ce1b]
V  [jvm.dll+0x740b39]
V  [jvm.dll+0x739ba4]
V  [jvm.dll+0x5f2466]
C  [ucrtbase.dll+0x21bb2]
C  [KERNEL32.DLL+0x17034]
C  [ntdll.dll+0x52651]


---------------  P R O C E S S  ---------------

Threads class SMR info:
_java_thread_list=0x00000248d92b8fd0, length=28, elements={
0x00000248b88b8000, 0x00000248d5e65000, 0x00000248d5e6f000, 0x00000248d5ec4000,
0x00000248d5ec5000, 0x00000248d5ec6800, 0x00000248d5eca800, 0x00000248d5ed0800,
0x00000248d5edc000, 0x00000248b8973000, 0x00000248d6d99000, 0x00000248d6a35000,
0x00000248d6b4c800, 0x00000248d9fcf800, 0x00000248d9fc5800, 0x00000248d938d000,
0x00000248d951d800, 0x00000248da42d000, 0x00000248da42e000, 0x00000248d9000000,
0x00000248d8b78000, 0x00000248d8b79000, 0x00000248d8b79800, 0x00000248d7ad0800,
0x00000248d7ad1800, 0x00000248d7acc000, 0x00000248d7acd800, 0x00000248d7acf000
}

Java Threads: ( => current thread )
  0x00000248b88b8000 JavaThread "main" [_thread_blocked, id=8456, stack(0x0000005c2f400000,0x0000005c2f500000)]
  0x00000248d5e65000 JavaThread "Reference Handler" daemon [_thread_blocked, id=6924, stack(0x0000005c2fb00000,0x0000005c2fc00000)]
  0x00000248d5e6f000 JavaThread "Finalizer" daemon [_thread_blocked, id=7884, stack(0x0000005c2fc00000,0x0000005c2fd00000)]
  0x00000248d5ec4000 JavaThread "Signal Dispatcher" daemon [_thread_blocked, id=9600, stack(0x0000005c2fd00000,0x0000005c2fe00000)]
  0x00000248d5ec5000 JavaThread "Attach Listener" daemon [_thread_blocked, id=10464, stack(0x0000005c2fe00000,0x0000005c2ff00000)]
  0x00000248d5ec6800 JavaThread "Service Thread" daemon [_thread_blocked, id=11272, stack(0x0000005c2ff00000,0x0000005c30000000)]
=>0x00000248d5eca800 JavaThread "C2 CompilerThread0" daemon [_thread_in_native, id=12900, stack(0x0000005c30000000,0x0000005c30100000)]
  0x00000248d5ed0800 JavaThread "C1 CompilerThread0" daemon [_thread_blocked, id=10472, stack(0x0000005c30100000,0x0000005c30200000)]
  0x00000248d5edc000 JavaThread "Sweeper thread" daemon [_thread_blocked, id=10992, stack(0x0000005c30200000,0x0000005c30300000)]
  0x00000248b8973000 JavaThread "Common-Cleaner" daemon [_thread_blocked, id=5764, stack(0x0000005c30300000,0x0000005c30400000)]
  0x00000248d6d99000 JavaThread "Forwarding findElement on session 2f850a98d0526188dc01c09f71ea1c0d to remote" [_thread_blocked, id=14180, stack(0x0000005c30700000,0x0000005c30800000)]
  0x00000248d6a35000 JavaThread "/127.0.0.1:63403 to /127.0.0.1:63402 workers Thread 2" [_thread_blocked, id=6408, stack(0x0000005c30800000,0x0000005c30900000)]
  0x00000248d6b4c800 JavaThread "/127.0.0.1:63403 to /127.0.0.1:63402 workers Thread 3" [_thread_in_native, id=6180, stack(0x0000005c30900000,0x0000005c30a00000)]
  0x00000248d9fcf800 JavaThread "ForkJoinPool.commonPool-worker-3" daemon [_thread_blocked, id=9028, stack(0x0000005c30c00000,0x0000005c30d00000)]
  0x00000248d9fc5800 JavaThread "AsyncHttpClient-1-1" daemon [_thread_blocked, id=32, stack(0x0000005c30d00000,0x0000005c30e00000)]
  0x00000248d938d000 JavaThread "ForkJoinPool.commonPool-worker-5" daemon [_thread_blocked, id=14048, stack(0x0000005c30e00000,0x0000005c30f00000)]
  0x00000248d951d800 JavaThread "ForkJoinPool.commonPool-worker-7" daemon [_thread_blocked, id=6312, stack(0x0000005c30f00000,0x0000005c31000000)]
  0x00000248da42d000 JavaThread "Exec Default Executor" daemon [_thread_in_native, id=360, stack(0x0000005c31000000,0x0000005c31100000)]
  0x00000248da42e000 JavaThread "Driver Service Executor" daemon [_thread_blocked, id=5384, stack(0x0000005c31100000,0x0000005c31200000)]
  0x00000248d9000000 JavaThread "Driver Service Executor" daemon [_thread_blocked, id=9412, stack(0x0000005c31200000,0x0000005c31300000)]
  0x00000248d8b78000 JavaThread "UrlChecker-2" daemon [_thread_blocked, id=4596, stack(0x0000005c31300000,0x0000005c31400000)]
  0x00000248d8b79000 JavaThread "Exec Stream Pumper" daemon [_thread_in_native, id=4988, stack(0x0000005c31400000,0x0000005c31500000)]
  0x00000248d8b79800 JavaThread "Exec Stream Pumper" daemon [_thread_in_native, id=8988, stack(0x0000005c31500000,0x0000005c31600000)]
  0x00000248d7ad0800 JavaThread "AsyncHttpClient-1-2" daemon [_thread_in_native, id=8696, stack(0x0000005c31700000,0x0000005c31800000)]
  0x00000248d7ad1800 JavaThread "AsyncHttpClient-1-3" daemon [_thread_in_native, id=11592, stack(0x0000005c31600000,0x0000005c31700000)]
  0x00000248d7acc000 JavaThread "AsyncHttpClient-1-4" daemon [_thread_in_native, id=4216, stack(0x0000005c31800000,0x0000005c31900000)]
  0x00000248d7acd800 JavaThread "Webdrivers killer thread" daemon [_thread_blocked, id=6160, stack(0x0000005c31900000,0x0000005c31a00000)]
  0x00000248d7acf000 JavaThread "mysql-cj-abandoned-connection-cleanup" daemon [_thread_blocked, id=13528, stack(0x0000005c31a00000,0x0000005c31b00000)]

Other Threads:
  0x00000248d5e63000 VMThread "VM Thread" [stack: 0x0000005c2fa00000,0x0000005c2fb00000] [id=8168]
  0x00000248d68c5800 WatcherThread [stack: 0x0000005c30400000,0x0000005c30500000] [id=7556]
  0x00000248b88d2800 GCTaskThread "GC Thread#0" [stack: 0x0000005c2f500000,0x0000005c2f600000] [id=8512]
  0x00000248d68a0800 GCTaskThread "GC Thread#1" [stack: 0x0000005c30500000,0x0000005c30600000] [id=5548]
  0x00000248d743f800 GCTaskThread "GC Thread#2" [stack: 0x0000005c30a00000,0x0000005c30b00000] [id=13868]
  0x00000248d756f800 GCTaskThread "GC Thread#3" [stack: 0x0000005c30b00000,0x0000005c30c00000] [id=128]
  0x00000248b88e3800 ConcurrentGCThread "G1 Main Marker" [stack: 0x0000005c2f600000,0x0000005c2f700000] [id=13780]
  0x00000248b88e4800 ConcurrentGCThread "G1 Conc#0" [stack: 0x0000005c2f700000,0x0000005c2f800000] [id=6988]
  0x00000248b8927800 ConcurrentGCThread "G1 Refine#0" [stack: 0x0000005c2f800000,0x0000005c2f900000] [id=13332]
  0x00000248b8929000 ConcurrentGCThread "G1 Young RemSet Sampling" [stack: 0x0000005c2f900000,0x0000005c2fa00000] [id=10856]

Threads with active compile tasks:
C2 CompilerThread0  53417 7420  s    4       sun.net.www.protocol.file.Handler::openConnection (7 bytes)

VM state:not at safepoint (normal execution)

VM Mutex/Monitor currently owned by a thread: None

Heap address: 0x00000000e0000000, size: 512 MB, Compressed Oops mode: 32-bit
Narrow klass base: 0x0000000000000000, Narrow klass shift: 3
Compressed class space size: 1073741824 Address: 0x0000000100000000

Heap:
 garbage-first heap   total 97280K, used 93074K [0x00000000e0000000, 0x0000000100000000)
  region size 1024K, 3 young (3072K), 1 survivors (1024K)
 Metaspace       used 52840K, capacity 54406K, committed 54704K, reserved 1097728K
  class space    used 5958K, capacity 6550K, committed 6656K, reserved 1048576K
Heap Regions: E=young(eden), S=young(survivor), O=old, HS=humongous(starts), HC=humongous(continues), CS=collection set, F=free, A=archive, TAMS=top-at-mark-start (previous, next)
|   0|0x00000000e0000000, 0x00000000e0100000, 0x00000000e0100000|100%| O|  |TAMS 0x00000000e0100000, 0x00000000e0000000| Untracked 
|   1|0x00000000e0100000, 0x00000000e0200000, 0x00000000e0200000|100%| O|  |TAMS 0x00000000e0200000, 0x00000000e0100000| Untracked 
|   2|0x00000000e0200000, 0x00000000e0300000, 0x00000000e0300000|100%| O|  |TAMS 0x00000000e0300000, 0x00000000e0200000| Untracked 
|   3|0x00000000e0300000, 0x00000000e0400000, 0x00000000e0400000|100%| O|  |TAMS 0x00000000e0400000, 0x00000000e0300000| Untracked 
|   4|0x00000000e0400000, 0x00000000e0500000, 0x00000000e0500000|100%| O|  |TAMS 0x00000000e0500000, 0x00000000e0400000| Untracked 
|   5|0x00000000e0500000, 0x00000000e0600000, 0x00000000e0600000|100%| O|  |TAMS 0x00000000e0600000, 0x00000000e0500000| Untracked 
|   6|0x00000000e0600000, 0x00000000e0700000, 0x00000000e0700000|100%| O|  |TAMS 0x00000000e0700000, 0x00000000e0600000| Untracked 
|   7|0x00000000e0700000, 0x00000000e0800000, 0x00000000e0800000|100%| O|  |TAMS 0x00000000e0800000, 0x00000000e0700000| Untracked 
|   8|0x00000000e0800000, 0x00000000e0900000, 0x00000000e0900000|100%| O|  |TAMS 0x00000000e0900000, 0x00000000e0800000| Untracked 
|   9|0x00000000e0900000, 0x00000000e0a00000, 0x00000000e0a00000|100%| O|  |TAMS 0x00000000e0a00000, 0x00000000e0900000| Untracked 
|  10|0x00000000e0a00000, 0x00000000e0b00000, 0x00000000e0b00000|100%| O|  |TAMS 0x00000000e0b00000, 0x00000000e0a00000| Untracked 
|  11|0x00000000e0b00000, 0x00000000e0c00000, 0x00000000e0c00000|100%| O|  |TAMS 0x00000000e0c00000, 0x00000000e0b00000| Untracked 
|  12|0x00000000e0c00000, 0x00000000e0d00000, 0x00000000e0d00000|100%| O|  |TAMS 0x00000000e0d00000, 0x00000000e0c00000| Untracked 
|  13|0x00000000e0d00000, 0x00000000e0e00000, 0x00000000e0e00000|100%| O|  |TAMS 0x00000000e0e00000, 0x00000000e0d00000| Untracked 
|  14|0x00000000e0e00000, 0x00000000e0f00000, 0x00000000e0f00000|100%| O|  |TAMS 0x00000000e0f00000, 0x00000000e0e00000| Untracked 
|  15|0x00000000e0f00000, 0x00000000e1000000, 0x00000000e1000000|100%| O|  |TAMS 0x00000000e1000000, 0x00000000e0f00000| Untracked 
|  16|0x00000000e1000000, 0x00000000e1100000, 0x00000000e1100000|100%| O|  |TAMS 0x00000000e1100000, 0x00000000e1000000| Untracked 
|  17|0x00000000e1100000, 0x00000000e11b2600, 0x00000000e1200000| 69%| O|  |TAMS 0x00000000e11b2600, 0x00000000e1100000| Untracked 
|  18|0x00000000e1200000, 0x00000000e1300000, 0x00000000e1300000|100%| O|  |TAMS 0x00000000e1300000, 0x00000000e1200000| Untracked 
|  19|0x00000000e1300000, 0x00000000e1400000, 0x00000000e1400000|100%| O|  |TAMS 0x00000000e1400000, 0x00000000e1300000| Untracked 
|  20|0x00000000e1400000, 0x00000000e1500000, 0x00000000e1500000|100%| O|  |TAMS 0x00000000e1500000, 0x00000000e1400000| Untracked 
|  21|0x00000000e1500000, 0x00000000e1600000, 0x00000000e1600000|100%| O|  |TAMS 0x00000000e1600000, 0x00000000e1500000| Untracked 
|  22|0x00000000e1600000, 0x00000000e1700000, 0x00000000e1700000|100%| O|  |TAMS 0x00000000e1700000, 0x00000000e1600000| Untracked 
|  23|0x00000000e1700000, 0x00000000e1800000, 0x00000000e1800000|100%| O|  |TAMS 0x00000000e1800000, 0x00000000e1700000| Untracked 
|  24|0x00000000e1800000, 0x00000000e1900000, 0x00000000e1900000|100%| O|  |TAMS 0x00000000e1900000, 0x00000000e1800000| Untracked 
|  25|0x00000000e1900000, 0x00000000e1a00000, 0x00000000e1a00000|100%| O|  |TAMS 0x00000000e1a00000, 0x00000000e1900000| Untracked 
|  26|0x00000000e1a00000, 0x00000000e1b00000, 0x00000000e1b00000|100%| O|  |TAMS 0x00000000e1b00000, 0x00000000e1a00000| Untracked 
|  27|0x00000000e1b00000, 0x00000000e1c00000, 0x00000000e1c00000|100%| O|  |TAMS 0x00000000e1c00000, 0x00000000e1b00000| Untracked 
|  28|0x00000000e1c00000, 0x00000000e1d00000, 0x00000000e1d00000|100%| O|  |TAMS 0x00000000e1d00000, 0x00000000e1c00000| Untracked 
|  29|0x00000000e1d00000, 0x00000000e1e00000, 0x00000000e1e00000|100%| O|  |TAMS 0x00000000e1e00000, 0x00000000e1d00000| Untracked 
|  30|0x00000000e1e00000, 0x00000000e1f00000, 0x00000000e1f00000|100%| O|  |TAMS 0x00000000e1f00000, 0x00000000e1e00000| Untracked 
|  31|0x00000000e1f00000, 0x00000000e2000000, 0x00000000e2000000|100%| O|  |TAMS 0x00000000e2000000, 0x00000000e1f00000| Untracked 
|  32|0x00000000e2000000, 0x00000000e2100000, 0x00000000e2100000|100%| O|  |TAMS 0x00000000e2100000, 0x00000000e2000000| Untracked 
|  33|0x00000000e2100000, 0x00000000e2200000, 0x00000000e2200000|100%| O|  |TAMS 0x00000000e2200000, 0x00000000e2100000| Untracked 
|  34|0x00000000e2200000, 0x00000000e2300000, 0x00000000e2300000|100%| O|  |TAMS 0x00000000e2300000, 0x00000000e2200000| Untracked 
|  35|0x00000000e2300000, 0x00000000e2400000, 0x00000000e2400000|100%| O|  |TAMS 0x00000000e2400000, 0x00000000e2300000| Untracked 
|  36|0x00000000e2400000, 0x00000000e2500000, 0x00000000e2500000|100%| O|  |TAMS 0x00000000e2500000, 0x00000000e2400000| Untracked 
|  37|0x00000000e2500000, 0x00000000e2600000, 0x00000000e2600000|100%| O|  |TAMS 0x00000000e2600000, 0x00000000e2500000| Untracked 
|  38|0x00000000e2600000, 0x00000000e2700000, 0x00000000e2700000|100%| O|  |TAMS 0x00000000e2700000, 0x00000000e2600000| Untracked 
|  39|0x00000000e2700000, 0x00000000e2800000, 0x00000000e2800000|100%| O|  |TAMS 0x00000000e2800000, 0x00000000e2700000| Untracked 
|  40|0x00000000e2800000, 0x00000000e2900000, 0x00000000e2900000|100%| O|  |TAMS 0x00000000e2900000, 0x00000000e2800000| Untracked 
|  41|0x00000000e2900000, 0x00000000e2a00000, 0x00000000e2a00000|100%| O|  |TAMS 0x00000000e2a00000, 0x00000000e2900000| Untracked 
|  42|0x00000000e2a00000, 0x00000000e2b00000, 0x00000000e2b00000|100%| O|  |TAMS 0x00000000e2b00000, 0x00000000e2a00000| Untracked 
|  43|0x00000000e2b00000, 0x00000000e2c00000, 0x00000000e2c00000|100%| O|  |TAMS 0x00000000e2c00000, 0x00000000e2b00000| Untracked 
|  44|0x00000000e2c00000, 0x00000000e2d00000, 0x00000000e2d00000|100%| O|  |TAMS 0x00000000e2d00000, 0x00000000e2c00000| Untracked 
|  45|0x00000000e2d00000, 0x00000000e2e00000, 0x00000000e2e00000|100%| O|  |TAMS 0x00000000e2e00000, 0x00000000e2d00000| Untracked 
|  46|0x00000000e2e00000, 0x00000000e2f00000, 0x00000000e2f00000|100%| O|  |TAMS 0x00000000e2f00000, 0x00000000e2e00000| Untracked 
|  47|0x00000000e2f00000, 0x00000000e3000000, 0x00000000e3000000|100%| O|  |TAMS 0x00000000e3000000, 0x00000000e2f00000| Untracked 
|  48|0x00000000e3000000, 0x00000000e3100000, 0x00000000e3100000|100%| O|  |TAMS 0x00000000e3100000, 0x00000000e3000000| Untracked 
|  49|0x00000000e3100000, 0x00000000e3200000, 0x00000000e3200000|100%| O|  |TAMS 0x00000000e3200000, 0x00000000e3100000| Untracked 
|  50|0x00000000e3200000, 0x00000000e3300000, 0x00000000e3300000|100%| O|  |TAMS 0x00000000e3300000, 0x00000000e3200000| Untracked 
|  51|0x00000000e3300000, 0x00000000e3400000, 0x00000000e3400000|100%| O|  |TAMS 0x00000000e3400000, 0x00000000e3300000| Untracked 
|  52|0x00000000e3400000, 0x00000000e3500000, 0x00000000e3500000|100%| O|  |TAMS 0x00000000e3500000, 0x00000000e3400000| Untracked 
|  53|0x00000000e3500000, 0x00000000e3600000, 0x00000000e3600000|100%| O|  |TAMS 0x00000000e3600000, 0x00000000e3500000| Untracked 
|  54|0x00000000e3600000, 0x00000000e3700000, 0x00000000e3700000|100%| O|  |TAMS 0x00000000e3700000, 0x00000000e3600000| Untracked 
|  55|0x00000000e3700000, 0x00000000e3800000, 0x00000000e3800000|100%| O|  |TAMS 0x00000000e3800000, 0x00000000e3700000| Untracked 
|  56|0x00000000e3800000, 0x00000000e3900000, 0x00000000e3900000|100%| O|  |TAMS 0x00000000e3900000, 0x00000000e3800000| Untracked 
|  57|0x00000000e3900000, 0x00000000e3a00000, 0x00000000e3a00000|100%| O|  |TAMS 0x00000000e3a00000, 0x00000000e3900000| Untracked 
|  58|0x00000000e3a00000, 0x00000000e3b00000, 0x00000000e3b00000|100%| O|  |TAMS 0x00000000e3b00000, 0x00000000e3a00000| Untracked 
|  59|0x00000000e3b00000, 0x00000000e3c00000, 0x00000000e3c00000|100%| O|  |TAMS 0x00000000e3c00000, 0x00000000e3b00000| Untracked 
|  60|0x00000000e3c00000, 0x00000000e3d00000, 0x00000000e3d00000|100%| O|  |TAMS 0x00000000e3d00000, 0x00000000e3c00000| Untracked 
|  61|0x00000000e3d00000, 0x00000000e3e00000, 0x00000000e3e00000|100%| O|  |TAMS 0x00000000e3e00000, 0x00000000e3d00000| Untracked 
|  62|0x00000000e3e00000, 0x00000000e3f00000, 0x00000000e3f00000|100%| O|  |TAMS 0x00000000e3f00000, 0x00000000e3e00000| Untracked 
|  63|0x00000000e3f00000, 0x00000000e4000000, 0x00000000e4000000|100%| O|  |TAMS 0x00000000e4000000, 0x00000000e3f00000| Untracked 
|  64|0x00000000e4000000, 0x00000000e4032388, 0x00000000e4100000| 19%| S|CS|TAMS 0x00000000e4000000, 0x00000000e4000000| Complete 
|  65|0x00000000e4100000, 0x00000000e4100000, 0x00000000e4200000|  0%| F|  |TAMS 0x00000000e4100000, 0x00000000e4100000| Untracked 
|  66|0x00000000e4200000, 0x00000000e4200000, 0x00000000e4300000|  0%| F|  |TAMS 0x00000000e4200000, 0x00000000e4200000| Untracked 
|  67|0x00000000e4300000, 0x00000000e4338128, 0x00000000e4400000| 21%| E|  |TAMS 0x00000000e4300000, 0x00000000e4300000| Complete 
|  68|0x00000000e4400000, 0x00000000e4500000, 0x00000000e4500000|100%|HS|  |TAMS 0x00000000e4500000, 0x00000000e4400000| Complete 
|  69|0x00000000e4500000, 0x00000000e4600000, 0x00000000e4600000|100%|HC|  |TAMS 0x00000000e4600000, 0x00000000e4500000| Complete 
|  70|0x00000000e4600000, 0x00000000e4700000, 0x00000000e4700000|100%|HC|  |TAMS 0x00000000e4700000, 0x00000000e4600000| Complete 
|  71|0x00000000e4700000, 0x00000000e4800000, 0x00000000e4800000|100%|HC|  |TAMS 0x00000000e4800000, 0x00000000e4700000| Complete 
|  72|0x00000000e4800000, 0x00000000e4900000, 0x00000000e4900000|100%|HC|  |TAMS 0x00000000e4900000, 0x00000000e4800000| Complete 
|  73|0x00000000e4900000, 0x00000000e4a00000, 0x00000000e4a00000|100%|HC|  |TAMS 0x00000000e4a00000, 0x00000000e4900000| Complete 
|  74|0x00000000e4a00000, 0x00000000e4b00000, 0x00000000e4b00000|100%|HC|  |TAMS 0x00000000e4b00000, 0x00000000e4a00000| Complete 
|  75|0x00000000e4b00000, 0x00000000e4c00000, 0x00000000e4c00000|100%|HC|  |TAMS 0x00000000e4c00000, 0x00000000e4b00000| Complete 
|  76|0x00000000e4c00000, 0x00000000e4d00000, 0x00000000e4d00000|100%|HC|  |TAMS 0x00000000e4d00000, 0x00000000e4c00000| Complete 
|  77|0x00000000e4d00000, 0x00000000e4e00000, 0x00000000e4e00000|100%|HC|  |TAMS 0x00000000e4e00000, 0x00000000e4d00000| Complete 
|  78|0x00000000e4e00000, 0x00000000e4f00000, 0x00000000e4f00000|100%|HC|  |TAMS 0x00000000e4f00000, 0x00000000e4e00000| Complete 
|  79|0x00000000e4f00000, 0x00000000e5000000, 0x00000000e5000000|100%|HC|  |TAMS 0x00000000e5000000, 0x00000000e4f00000| Complete 
|  80|0x00000000e5000000, 0x00000000e5100000, 0x00000000e5100000|100%|HC|  |TAMS 0x00000000e5100000, 0x00000000e5000000| Complete 
|  81|0x00000000e5100000, 0x00000000e5200000, 0x00000000e5200000|100%|HC|  |TAMS 0x00000000e5200000, 0x00000000e5100000| Complete 
|  82|0x00000000e5200000, 0x00000000e5300000, 0x00000000e5300000|100%|HC|  |TAMS 0x00000000e5300000, 0x00000000e5200000| Complete 
|  83|0x00000000e5300000, 0x00000000e5400000, 0x00000000e5400000|100%|HC|  |TAMS 0x00000000e5400000, 0x00000000e5300000| Complete 
|  84|0x00000000e5400000, 0x00000000e5500000, 0x00000000e5500000|100%|HC|  |TAMS 0x00000000e5500000, 0x00000000e5400000| Complete 
|  85|0x00000000e5500000, 0x00000000e5600000, 0x00000000e5600000|100%| E|CS|TAMS 0x00000000e5500000, 0x00000000e5500000| Complete 
|  86|0x00000000e5600000, 0x00000000e5700000, 0x00000000e5700000|100%| O|  |TAMS 0x00000000e5700000, 0x00000000e5600000| Untracked 
|  87|0x00000000e5700000, 0x00000000e5800000, 0x00000000e5800000|100%| O|  |TAMS 0x00000000e5800000, 0x00000000e5700000| Untracked 
|  88|0x00000000e5800000, 0x00000000e5900000, 0x00000000e5900000|100%| O|  |TAMS 0x00000000e5900000, 0x00000000e5800000| Untracked 
|  89|0x00000000e5900000, 0x00000000e5a00000, 0x00000000e5a00000|100%| O|  |TAMS 0x00000000e5a00000, 0x00000000e5900000| Untracked 
|  90|0x00000000e5a00000, 0x00000000e5b00000, 0x00000000e5b00000|100%| O|  |TAMS 0x00000000e5b00000, 0x00000000e5a00000| Untracked 
|  91|0x00000000e5b00000, 0x00000000e5c00000, 0x00000000e5c00000|100%| O|  |TAMS 0x00000000e5c00000, 0x00000000e5b00000| Untracked 
|  92|0x00000000e5c00000, 0x00000000e5d00000, 0x00000000e5d00000|100%| O|  |TAMS 0x00000000e5d00000, 0x00000000e5c00000| Untracked 
|  93|0x00000000e5d00000, 0x00000000e5e00000, 0x00000000e5e00000|100%| O|  |TAMS 0x00000000e5e00000, 0x00000000e5d00000| Untracked 
|  94|0x00000000e5e00000, 0x00000000e5f00000, 0x00000000e5f00000|100%| O|  |TAMS 0x00000000e5f00000, 0x00000000e5e00000| Untracked 

Card table byte_map: [0x00000248d1ed0000,0x00000248d1fd0000] _byte_map_base: 0x00000248d17d0000

Marking Bits (Prev, Next): (CMBitMap*) 0x00000248b88e0818, (CMBitMap*) 0x00000248b88e0850
 Prev Bits: [0x00000248d20d0000, 0x00000248d28d0000)
 Next Bits: [0x00000248d28d0000, 0x00000248d30d0000)

Polling page: 0x00000248b8990000

Metaspace:

Usage:
  Non-class:     46.73 MB capacity,    45.78 MB ( 98%) used,   790.80 KB (  2%) free+waste,   183.56 KB ( <1%) overhead. 
      Class:      6.40 MB capacity,     5.82 MB ( 91%) used,   506.92 KB (  8%) free+waste,    84.13 KB (  1%) overhead. 
       Both:     53.13 MB capacity,    51.60 MB ( 97%) used,     1.27 MB (  2%) free+waste,   267.69 KB ( <1%) overhead. 

Virtual space:
  Non-class space:       48.00 MB reserved,      46.92 MB ( 98%) committed 
      Class space:        1.00 GB reserved,       6.50 MB ( <1%) committed 
             Both:        1.05 GB reserved,      53.42 MB (  5%) committed 

Chunk freelists:
   Non-Class:  0 bytes
       Class:  10.00 KB
        Both:  10.00 KB

MaxMetaspaceSize: 17179869184.00 GB
CompressedClassSpaceSize: 1.00 GB

CodeHeap 'non-profiled nmethods': size=120064Kb used=4319Kb max_used=4319Kb free=115744Kb
 bounds [0x00000248ca270000, 0x00000248ca6b0000, 0x00000248d17b0000]
CodeHeap 'profiled nmethods': size=120000Kb used=16169Kb max_used=16169Kb free=103830Kb
 bounds [0x00000248c2d40000, 0x00000248c3d10000, 0x00000248ca270000]
CodeHeap 'non-nmethods': size=5696Kb used=1234Kb max_used=1278Kb free=4461Kb
 bounds [0x00000248c27b0000, 0x00000248c2a20000, 0x00000248c2d40000]
 total_blobs=7787 nmethods=7175 adapters=522
 compilation: enabled
              stopped_count=0, restarted_count=0
 full_count=0

Compilation events (20 events):
Event: 53.170 Thread 0x00000248d5ed0800 nmethod 7413 0x00000248c3d04e90 code [0x00000248c3d05040, 0x00000248c3d05178]
Event: 53.170 Thread 0x00000248d5ed0800 7414       3       sun.nio.ch.IOVecWrapper::getPosition (7 bytes)
Event: 53.170 Thread 0x00000248d5ed0800 nmethod 7414 0x00000248c3d05290 code [0x00000248c3d05440, 0x00000248c3d05578]
Event: 53.170 Thread 0x00000248d5ed0800 7407       3       io.netty.handler.stream.ChunkedStream::<init> (9 bytes)
Event: 53.170 Thread 0x00000248d5ed0800 nmethod 7407 0x00000248c3d05690 code [0x00000248c3d05840, 0x00000248c3d05968]
Event: 53.170 Thread 0x00000248d5ed0800 7408       3       io.netty.handler.stream.ChunkedStream::<init> (54 bytes)
Event: 53.171 Thread 0x00000248d5ed0800 nmethod 7408 0x00000248c3d05a10 code [0x00000248c3d05c20, 0x00000248c3d06308]
Event: 53.189 Thread 0x00000248d5ed0800 7415       3       io.netty.handler.codec.http.DefaultHttpRequest::toString (18 bytes)
Event: 53.190 Thread 0x00000248d5ed0800 nmethod 7415 0x00000248c3d06510 code [0x00000248c3d067a0, 0x00000248c3d071a8]
Event: 53.190 Thread 0x00000248d5ed0800 7416       3       io.netty.handler.codec.http.HttpMessageUtil::appendRequest (26 bytes)
Event: 53.191 Thread 0x00000248d5ed0800 nmethod 7416 0x00000248c3d07590 code [0x00000248c3d077a0, 0x00000248c3d07c58]
Event: 53.192 Thread 0x00000248d5ed0800 7417       3       com.google.common.net.MediaType::toString (21 bytes)
Event: 53.193 Thread 0x00000248d5ed0800 nmethod 7417 0x00000248c3d07e90 code [0x00000248c3d08040, 0x00000248c3d08208]
Event: 53.193 Thread 0x00000248d5eca800 7418       4       java.util.stream.AbstractPipeline::<init> (55 bytes)
Event: 53.193 Thread 0x00000248d5ed0800 7419       3       org.openqa.selenium.remote.http.Contents$$Lambda$726/0x000000010049dc40::get (8 bytes)
Event: 53.193 Thread 0x00000248d5ed0800 nmethod 7419 0x00000248c3d08290 code [0x00000248c3d08460, 0x00000248c3d08798]
Event: 53.197 Thread 0x00000248d5eca800 nmethod 7418 0x00000248ca6a7a10 code [0x00000248ca6a7ba0, 0x00000248ca6a7e18]
Event: 53.221 Thread 0x00000248d5eca800 7420  s    4       sun.net.www.protocol.file.Handler::openConnection (7 bytes)
Event: 53.228 Thread 0x00000248d5ed0800 7422       3       java.util.stream.AbstractPipeline::copyIntoWithCancel (46 bytes)
Event: 53.228 Thread 0x00000248d5ed0800 nmethod 7422 0x00000248c3d08910 code [0x00000248c3d08b00, 0x00000248c3d08fb8]

GC Heap History (20 events):
Event: 49.637 GC heap before
{Heap before GC invocations=191 (full 0):
 garbage-first heap   total 97280K, used 93196K [0x00000000e0000000, 0x0000000100000000)
  region size 1024K, 4 young (4096K), 1 survivors (1024K)
 Metaspace       used 52251K, capacity 53868K, committed 54064K, reserved 1097728K
  class space    used 5936K, capacity 6517K, committed 6528K, reserved 1048576K
}
Event: 49.638 GC heap after
{Heap after GC invocations=192 (full 0):
 garbage-first heap   total 97280K, used 91021K [0x00000000e0000000, 0x0000000100000000)
  region size 1024K, 1 young (1024K), 1 survivors (1024K)
 Metaspace       used 52251K, capacity 53868K, committed 54064K, reserved 1097728K
  class space    used 5936K, capacity 6517K, committed 6528K, reserved 1048576K
}
Event: 49.791 GC heap before
{Heap before GC invocations=192 (full 0):
 garbage-first heap   total 97280K, used 94093K [0x00000000e0000000, 0x0000000100000000)
  region size 1024K, 4 young (4096K), 1 survivors (1024K)
 Metaspace       used 52264K, capacity 53868K, committed 54064K, reserved 1097728K
  class space    used 5936K, capacity 6517K, committed 6528K, reserved 1048576K
}
Event: 49.794 GC heap after
{Heap after GC invocations=193 (full 0):
 garbage-first heap   total 97280K, used 91080K [0x00000000e0000000, 0x0000000100000000)
  region size 1024K, 1 young (1024K), 1 survivors (1024K)
 Metaspace       used 52264K, capacity 53868K, committed 54064K, reserved 1097728K
  class space    used 5936K, capacity 6517K, committed 6528K, reserved 1048576K
}
Event: 50.771 GC heap before
{Heap before GC invocations=194 (full 0):
 garbage-first heap   total 97280K, used 94152K [0x00000000e0000000, 0x0000000100000000)
  region size 1024K, 4 young (4096K), 1 survivors (1024K)
 Metaspace       used 52411K, capacity 54028K, committed 54192K, reserved 1097728K
  class space    used 5954K, capacity 6549K, committed 6656K, reserved 1048576K
}
Event: 50.773 GC heap after
{Heap after GC invocations=195 (full 0):
 garbage-first heap   total 97280K, used 91412K [0x00000000e0000000, 0x0000000100000000)
  region size 1024K, 1 young (1024K), 1 survivors (1024K)
 Metaspace       used 52411K, capacity 54028K, committed 54192K, reserved 1097728K
  class space    used 5954K, capacity 6549K, committed 6656K, reserved 1048576K
}
Event: 50.800 GC heap before
{Heap before GC invocations=195 (full 0):
 garbage-first heap   total 97280K, used 94484K [0x00000000e0000000, 0x0000000100000000)
  region size 1024K, 4 young (4096K), 1 survivors (1024K)
 Metaspace       used 52425K, capacity 54028K, committed 54192K, reserved 1097728K
  class space    used 5956K, capacity 6549K, committed 6656K, reserved 1048576K
}
Event: 50.802 GC heap after
{Heap after GC invocations=196 (full 0):
 garbage-first heap   total 97280K, used 91903K [0x00000000e0000000, 0x0000000100000000)
  region size 1024K, 1 young (1024K), 1 survivors (1024K)
 Metaspace       used 52425K, capacity 54028K, committed 54192K, reserved 1097728K
  class space    used 5956K, capacity 6549K, committed 6656K, reserved 1048576K
}
Event: 50.863 GC heap before
{Heap before GC invocations=196 (full 0):
 garbage-first heap   total 97280K, used 94975K [0x00000000e0000000, 0x0000000100000000)
  region size 1024K, 4 young (4096K), 1 survivors (1024K)
 Metaspace       used 52425K, capacity 54028K, committed 54192K, reserved 1097728K
  class space    used 5956K, capacity 6549K, committed 6656K, reserved 1048576K
}
Event: 50.864 GC heap after
{Heap after GC invocations=197 (full 0):
 garbage-first heap   total 97280K, used 91987K [0x00000000e0000000, 0x0000000100000000)
  region size 1024K, 1 young (1024K), 1 survivors (1024K)
 Metaspace       used 52425K, capacity 54028K, committed 54192K, reserved 1097728K
  class space    used 5956K, capacity 6549K, committed 6656K, reserved 1048576K
}
Event: 51.144 GC heap before
{Heap before GC invocations=198 (full 0):
 garbage-first heap   total 97280K, used 95059K [0x00000000e0000000, 0x0000000100000000)
  region size 1024K, 4 young (4096K), 1 survivors (1024K)
 Metaspace       used 52573K, capacity 54228K, committed 54448K, reserved 1097728K
  class space    used 5958K, capacity 6550K, committed 6656K, reserved 1048576K
}
Event: 51.145 GC heap after
{Heap after GC invocations=199 (full 0):
 garbage-first heap   total 97280K, used 91968K [0x00000000e0000000, 0x0000000100000000)
  region size 1024K, 1 young (1024K), 1 survivors (1024K)
 Metaspace       used 52573K, capacity 54228K, committed 54448K, reserved 1097728K
  class space    used 5958K, capacity 6550K, committed 6656K, reserved 1048576K
}
Event: 51.368 GC heap before
{Heap before GC invocations=199 (full 0):
 garbage-first heap   total 97280K, used 95040K [0x00000000e0000000, 0x0000000100000000)
  region size 1024K, 4 young (4096K), 1 survivors (1024K)
 Metaspace       used 52605K, capacity 54228K, committed 54448K, reserved 1097728K
  class space    used 5958K, capacity 6550K, committed 6656K, reserved 1048576K
}
Event: 51.369 GC heap after
{Heap after GC invocations=200 (full 0):
 garbage-first heap   total 97280K, used 92141K [0x00000000e0000000, 0x0000000100000000)
  region size 1024K, 1 young (1024K), 1 survivors (1024K)
 Metaspace       used 52605K, capacity 54228K, committed 54448K, reserved 1097728K
  class space    used 5958K, capacity 6550K, committed 6656K, reserved 1048576K
}
Event: 52.045 GC heap before
{Heap before GC invocations=201 (full 0):
 garbage-first heap   total 97280K, used 94189K [0x00000000e0000000, 0x0000000100000000)
  region size 1024K, 4 young (4096K), 1 survivors (1024K)
 Metaspace       used 52768K, capacity 54361K, committed 54704K, reserved 1097728K
  class space    used 5958K, capacity 6550K, committed 6656K, reserved 1048576K
}
Event: 52.046 GC heap after
{Heap after GC invocations=202 (full 0):
 garbage-first heap   total 97280K, used 92074K [0x00000000e0000000, 0x0000000100000000)
  region size 1024K, 1 young (1024K), 1 survivors (1024K)
 Metaspace       used 52768K, capacity 54361K, committed 54704K, reserved 1097728K
  class space    used 5958K, capacity 6550K, committed 6656K, reserved 1048576K
}
Event: 52.475 GC heap before
{Heap before GC invocations=202 (full 0):
 garbage-first heap   total 97280K, used 94122K [0x00000000e0000000, 0x0000000100000000)
  region size 1024K, 4 young (4096K), 1 survivors (1024K)
 Metaspace       used 52775K, capacity 54361K, committed 54704K, reserved 1097728K
  class space    used 5958K, capacity 6550K, committed 6656K, reserved 1048576K
}
Event: 52.476 GC heap after
{Heap after GC invocations=203 (full 0):
 garbage-first heap   total 97280K, used 91943K [0x00000000e0000000, 0x0000000100000000)
  region size 1024K, 1 young (1024K), 1 survivors (1024K)
 Metaspace       used 52775K, capacity 54361K, committed 54704K, reserved 1097728K
  class space    used 5958K, capacity 6550K, committed 6656K, reserved 1048576K
}
Event: 53.222 GC heap before
{Heap before GC invocations=204 (full 0):
 garbage-first heap   total 97280K, used 93991K [0x00000000e0000000, 0x0000000100000000)
  region size 1024K, 4 young (4096K), 1 survivors (1024K)
 Metaspace       used 52837K, capacity 54406K, committed 54704K, reserved 1097728K
  class space    used 5958K, capacity 6550K, committed 6656K, reserved 1048576K
}
Event: 53.223 GC heap after
{Heap after GC invocations=205 (full 0):
 garbage-first heap   total 97280K, used 92050K [0x00000000e0000000, 0x0000000100000000)
  region size 1024K, 1 young (1024K), 1 survivors (1024K)
 Metaspace       used 52837K, capacity 54406K, committed 54704K, reserved 1097728K
  class space    used 5958K, capacity 6550K, committed 6656K, reserved 1048576K
}

Deoptimization events (20 events):
Event: 44.387 Thread 0x00000248d6d99000 Uncommon trap: trap_request=0xffffff4d fr.pc=0x00000248ca31daa4 relative=0x0000000000000164
Event: 44.387 Thread 0x00000248d6d99000 Uncommon trap: reason=unstable_if action=reinterpret pc=0x00000248ca31daa4 method=java.nio.Buffer.<init>(IIII)V @ 44 c2
Event: 44.387 Thread 0x00000248d6d99000 DEOPT PACKING pc=0x00000248ca31daa4 sp=0x0000005c307f96e0
Event: 44.387 Thread 0x00000248d6d99000 DEOPT UNPACKING pc=0x00000248c27d78af sp=0x0000005c307f9678 mode 2
Event: 44.395 Thread 0x00000248d6d99000 DEOPT PACKING pc=0x00000248c34f635d sp=0x0000005c307f9110
Event: 44.395 Thread 0x00000248d6d99000 DEOPT UNPACKING pc=0x00000248c27d76ce sp=0x0000005c307f85c8 mode 0
Event: 44.462 Thread 0x00000248d6d99000 DEOPT PACKING pc=0x00000248c38b6860 sp=0x0000005c307f9430
Event: 44.462 Thread 0x00000248d6d99000 DEOPT UNPACKING pc=0x00000248c27d76ce sp=0x0000005c307f88c8 mode 0
Event: 44.854 Thread 0x00000248d6d99000 DEOPT PACKING pc=0x00000248c38b628e sp=0x0000005c307f8ee0
Event: 44.854 Thread 0x00000248d6d99000 DEOPT UNPACKING pc=0x00000248c27d76ce sp=0x0000005c307f8310 mode 0
Event: 45.710 Thread 0x00000248d6d99000 DEOPT PACKING pc=0x00000248c3869896 sp=0x0000005c307f7dd0
Event: 45.710 Thread 0x00000248d6d99000 DEOPT UNPACKING pc=0x00000248c27d76ce sp=0x0000005c307f72e8 mode 0
Event: 46.048 Thread 0x00000248d6a35000 DEOPT PACKING pc=0x00000248c39434ad sp=0x0000005c308fc9b0
Event: 46.048 Thread 0x00000248d6a35000 DEOPT UNPACKING pc=0x00000248c27d76ce sp=0x0000005c308fbe70 mode 0
Event: 46.048 Thread 0x00000248d6a35000 DEOPT PACKING pc=0x00000248c393e9e1 sp=0x0000005c308fc030
Event: 46.048 Thread 0x00000248d6a35000 DEOPT UNPACKING pc=0x00000248c27d76ce sp=0x0000005c308fb4f8 mode 0
Event: 47.253 Thread 0x00000248d6d99000 DEOPT PACKING pc=0x00000248c37a4d13 sp=0x0000005c307fa7b0
Event: 47.253 Thread 0x00000248d6d99000 DEOPT UNPACKING pc=0x00000248c27d76ce sp=0x0000005c307f9c70 mode 0
Event: 50.929 Thread 0x00000248d6d99000 DEOPT PACKING pc=0x00000248c2ffb6c2 sp=0x0000005c307f9200
Event: 50.929 Thread 0x00000248d6d99000 DEOPT UNPACKING pc=0x00000248c27d76ce sp=0x0000005c307f8638 mode 0

Classes redefined (0 events):
No events

Internal exceptions (20 events):
Event: 45.926 Thread 0x00000248d6d99000 Exception <a 'java/lang/ArrayIndexOutOfBoundsException'{0x00000000e43d16d8}> (0x00000000e43d16d8) thrown at [./src/hotspot/share/runtime/sharedRuntime.cpp, line 584]
Event: 45.926 Thread 0x00000248d6d99000 Exception <a 'java/lang/ArrayIndexOutOfBoundsException'{0x00000000e43d21f0}> (0x00000000e43d21f0) thrown at [./src/hotspot/share/runtime/sharedRuntime.cpp, line 584]
Event: 45.926 Thread 0x00000248d6d99000 Exception <a 'java/lang/ArrayIndexOutOfBoundsException'{0x00000000e43d55d8}> (0x00000000e43d55d8) thrown at [./src/hotspot/share/runtime/sharedRuntime.cpp, line 584]
Event: 45.926 Thread 0x00000248d6d99000 Exception <a 'java/lang/ArrayIndexOutOfBoundsException'{0x00000000e43d60f0}> (0x00000000e43d60f0) thrown at [./src/hotspot/share/runtime/sharedRuntime.cpp, line 584]
Event: 45.926 Thread 0x00000248d6d99000 Exception <a 'java/lang/ArrayIndexOutOfBoundsException'{0x00000000e43d6e78}> (0x00000000e43d6e78) thrown at [./src/hotspot/share/runtime/sharedRuntime.cpp, line 584]
Event: 45.927 Thread 0x00000248d6d99000 Exception <a 'java/lang/ArrayIndexOutOfBoundsException'{0x00000000e43d9e48}> (0x00000000e43d9e48) thrown at [./src/hotspot/share/runtime/sharedRuntime.cpp, line 584]
Event: 45.927 Thread 0x00000248d6d99000 Exception <a 'java/lang/ArrayIndexOutOfBoundsException'{0x00000000e43da960}> (0x00000000e43da960) thrown at [./src/hotspot/share/runtime/sharedRuntime.cpp, line 584]
Event: 45.927 Thread 0x00000248d6d99000 Exception <a 'java/lang/ArrayIndexOutOfBoundsException'{0x00000000e43db478}> (0x00000000e43db478) thrown at [./src/hotspot/share/runtime/sharedRuntime.cpp, line 584]
Event: 45.928 Thread 0x00000248d6d99000 Exception <a 'java/lang/ArrayIndexOutOfBoundsException'{0x00000000e43ed3a0}> (0x00000000e43ed3a0) thrown at [./src/hotspot/share/runtime/sharedRuntime.cpp, line 584]
Event: 45.928 Thread 0x00000248d6d99000 Exception <a 'java/lang/ArrayIndexOutOfBoundsException'{0x00000000e43edeb8}> (0x00000000e43edeb8) thrown at [./src/hotspot/share/runtime/sharedRuntime.cpp, line 584]
Event: 45.928 Thread 0x00000248d6d99000 Exception <a 'java/lang/ArrayIndexOutOfBoundsException'{0x00000000e43ee9d0}> (0x00000000e43ee9d0) thrown at [./src/hotspot/share/runtime/sharedRuntime.cpp, line 584]
Event: 45.928 Thread 0x00000248d6d99000 Exception <a 'java/lang/ArrayIndexOutOfBoundsException'{0x00000000e43f0130}> (0x00000000e43f0130) thrown at [./src/hotspot/share/runtime/sharedRuntime.cpp, line 584]
Event: 45.928 Thread 0x00000248d6d99000 Exception <a 'java/lang/ArrayIndexOutOfBoundsException'{0x00000000e43f0c48}> (0x00000000e43f0c48) thrown at [./src/hotspot/share/runtime/sharedRuntime.cpp, line 584]
Event: 45.928 Thread 0x00000248d6d99000 Exception <a 'java/lang/ArrayIndexOutOfBoundsException'{0x00000000e43f1760}> (0x00000000e43f1760) thrown at [./src/hotspot/share/runtime/sharedRuntime.cpp, line 584]
Event: 45.928 Thread 0x00000248d6d99000 Exception <a 'java/lang/ArrayIndexOutOfBoundsException'{0x00000000e43f6b18}> (0x00000000e43f6b18) thrown at [./src/hotspot/share/runtime/sharedRuntime.cpp, line 584]
Event: 45.928 Thread 0x00000248d6d99000 Exception <a 'java/lang/ArrayIndexOutOfBoundsException'{0x00000000e43f7630}> (0x00000000e43f7630) thrown at [./src/hotspot/share/runtime/sharedRuntime.cpp, line 584]
Event: 45.928 Thread 0x00000248d6d99000 Exception <a 'java/lang/ArrayIndexOutOfBoundsException'{0x00000000e43f8148}> (0x00000000e43f8148) thrown at [./src/hotspot/share/runtime/sharedRuntime.cpp, line 584]
Event: 45.947 Thread 0x00000248d6d99000 Exception <a 'sun/nio/fs/WindowsException'{0x00000000e420dcc0}> (0x00000000e420dcc0) thrown at [./src/hotspot/share/prims/jni.cpp, line 615]
Event: 50.977 Thread 0x00000248d6d99000 Exception <a 'sun/nio/fs/WindowsException'{0x00000000e4276a58}> (0x00000000e4276a58) thrown at [./src/hotspot/share/prims/jni.cpp, line 615]
Event: 50.985 Thread 0x00000248d6d99000 Exception <a 'sun/nio/fs/WindowsException'{0x00000000e4278f20}> (0x00000000e4278f20) thrown at [./src/hotspot/share/prims/jni.cpp, line 615]

Events (20 events):
Event: 51.316 Executing VM operation: RevokeBias
Event: 51.316 Executing VM operation: RevokeBias done
Event: 51.330 Executing VM operation: RevokeBias
Event: 51.330 Executing VM operation: RevokeBias done
Event: 51.368 Executing VM operation: G1CollectForAllocation
Event: 51.369 Executing VM operation: G1CollectForAllocation done
Event: 51.542 Executing VM operation: CGC_Operation
Event: 51.551 Executing VM operation: CGC_Operation done
Event: 51.622 Executing VM operation: CGC_Operation
Event: 51.622 Executing VM operation: CGC_Operation done
Event: 52.045 Executing VM operation: G1CollectForAllocation
Event: 52.046 Executing VM operation: G1CollectForAllocation done
Event: 52.474 Executing VM operation: G1CollectForAllocation
Event: 52.476 Executing VM operation: G1CollectForAllocation done
Event: 52.625 Executing VM operation: CGC_Operation
Event: 52.634 Executing VM operation: CGC_Operation done
Event: 52.702 Executing VM operation: CGC_Operation
Event: 52.702 Executing VM operation: CGC_Operation done
Event: 53.222 Executing VM operation: G1CollectForAllocation
Event: 53.224 Executing VM operation: G1CollectForAllocation done


Dynamic libraries:
0x00007ff67ba00000 - 0x00007ff67ba0d000 	C:\Program Files\AdoptOpenJDK\jdk-11.0.10.9-hotspot\bin\java.exe
0x00007ffbf6630000 - 0x00007ffbf6825000 	C:\WINDOWS\SYSTEM32\ntdll.dll
0x00007ffbf6020000 - 0x00007ffbf60de000 	C:\WINDOWS\System32\KERNEL32.DLL
0x00007ffbf4190000 - 0x00007ffbf4458000 	C:\WINDOWS\System32\KERNELBASE.dll
0x00007ffbf4060000 - 0x00007ffbf4160000 	C:\WINDOWS\System32\ucrtbase.dll
0x00007ffbd2840000 - 0x00007ffbd2855000 	C:\Program Files\AdoptOpenJDK\jdk-11.0.10.9-hotspot\bin\VCRUNTIME140.dll
0x00007ffbd23a0000 - 0x00007ffbd23b7000 	C:\Program Files\AdoptOpenJDK\jdk-11.0.10.9-hotspot\bin\jli.dll
0x00007ffbf6440000 - 0x00007ffbf65e1000 	C:\WINDOWS\System32\USER32.dll
0x00007ffbf4030000 - 0x00007ffbf4052000 	C:\WINDOWS\System32\win32u.dll
0x00007ffbf49c0000 - 0x00007ffbf49eb000 	C:\WINDOWS\System32\GDI32.dll
0x00007ffbf3f20000 - 0x00007ffbf402d000 	C:\WINDOWS\System32\gdi32full.dll
0x00007ffbf3d90000 - 0x00007ffbf3e2d000 	C:\WINDOWS\System32\msvcp_win.dll
0x00007ffbe0c10000 - 0x00007ffbe0eaa000 	C:\WINDOWS\WinSxS\amd64_microsoft.windows.common-controls_6595b64144ccf1df_6.0.19041.1110_none_60b5254171f9507e\COMCTL32.dll
0x00007ffbf4750000 - 0x00007ffbf47ee000 	C:\WINDOWS\System32\msvcrt.dll
0x00007ffbf4df0000 - 0x00007ffbf4e20000 	C:\WINDOWS\System32\IMM32.DLL
0x00007ffbb95d0000 - 0x00007ffbb966b000 	C:\Program Files\AdoptOpenJDK\jdk-11.0.10.9-hotspot\bin\msvcp140.dll
0x00007ffb90310000 - 0x00007ffb90e53000 	C:\Program Files\AdoptOpenJDK\jdk-11.0.10.9-hotspot\bin\server\jvm.dll
0x00007ffbf5b40000 - 0x00007ffbf5bec000 	C:\WINDOWS\System32\ADVAPI32.dll
0x00007ffbf5cc0000 - 0x00007ffbf5d5b000 	C:\WINDOWS\System32\sechost.dll
0x00007ffbf4ba0000 - 0x00007ffbf4cca000 	C:\WINDOWS\System32\RPCRT4.dll
0x00007ffbf49b0000 - 0x00007ffbf49b8000 	C:\WINDOWS\System32\PSAPI.DLL
0x00007ffbec700000 - 0x00007ffbec727000 	C:\WINDOWS\SYSTEM32\WINMM.dll
0x00007ffbec730000 - 0x00007ffbec73a000 	C:\WINDOWS\SYSTEM32\VERSION.dll
0x00007ffbd6dd0000 - 0x00007ffbd6dd9000 	C:\WINDOWS\SYSTEM32\WSOCK32.dll
0x00007ffbf5bf0000 - 0x00007ffbf5c5b000 	C:\WINDOWS\System32\ws2_32.DLL
0x00007ffbf25d0000 - 0x00007ffbf25e2000 	C:\WINDOWS\SYSTEM32\kernel.appcore.dll
0x00007ffbd2f10000 - 0x00007ffbd2f20000 	C:\Program Files\AdoptOpenJDK\jdk-11.0.10.9-hotspot\bin\verify.dll
0x00007ffbf1bc0000 - 0x00007ffbf1da4000 	C:\WINDOWS\SYSTEM32\DBGHELP.DLL
0x00007ffbe1fd0000 - 0x00007ffbe1ffc000 	C:\WINDOWS\SYSTEM32\dbgcore.DLL
0x00007ffbf3e90000 - 0x00007ffbf3f12000 	C:\WINDOWS\System32\bcryptPrimitives.dll
0x00007ffbd2370000 - 0x00007ffbd2398000 	C:\Program Files\AdoptOpenJDK\jdk-11.0.10.9-hotspot\bin\java.dll
0x00007ffbd2830000 - 0x00007ffbd283a000 	C:\Program Files\AdoptOpenJDK\jdk-11.0.10.9-hotspot\bin\jimage.dll
0x00007ffbf1180000 - 0x00007ffbf118e000 	C:\Program Files\AdoptOpenJDK\jdk-11.0.10.9-hotspot\bin\instrument.dll
0x00007ffbd2350000 - 0x00007ffbd2367000 	C:\Program Files\AdoptOpenJDK\jdk-11.0.10.9-hotspot\bin\zip.dll
0x00007ffbf4e30000 - 0x00007ffbf5574000 	C:\WINDOWS\System32\SHELL32.dll
0x00007ffbf1db0000 - 0x00007ffbf2544000 	C:\WINDOWS\SYSTEM32\windows.storage.dll
0x00007ffbf60e0000 - 0x00007ffbf6435000 	C:\WINDOWS\System32\combase.dll
0x00007ffbf36c0000 - 0x00007ffbf36ee000 	C:\WINDOWS\SYSTEM32\Wldp.dll
0x00007ffbf4870000 - 0x00007ffbf491d000 	C:\WINDOWS\System32\SHCORE.dll
0x00007ffbf5a00000 - 0x00007ffbf5a55000 	C:\WINDOWS\System32\shlwapi.dll
0x00007ffbf3c80000 - 0x00007ffbf3c9f000 	C:\WINDOWS\SYSTEM32\profapi.dll
0x00007ffbd2090000 - 0x00007ffbd20a9000 	C:\Program Files\AdoptOpenJDK\jdk-11.0.10.9-hotspot\bin\net.dll
0x00007ffbe85a0000 - 0x00007ffbe86ac000 	C:\WINDOWS\SYSTEM32\WINHTTP.dll
0x00007ffbf33d0000 - 0x00007ffbf343a000 	C:\WINDOWS\system32\mswsock.dll
0x00007ffbd2070000 - 0x00007ffbd2082000 	C:\Program Files\AdoptOpenJDK\jdk-11.0.10.9-hotspot\bin\nio.dll
0x00007ffbf3590000 - 0x00007ffbf35a8000 	C:\WINDOWS\SYSTEM32\CRYPTSP.dll
0x00007ffbf2d60000 - 0x00007ffbf2d94000 	C:\WINDOWS\system32\rsaenh.dll
0x00007ffbf4160000 - 0x00007ffbf4187000 	C:\WINDOWS\System32\bcrypt.dll
0x00007ffbf3c40000 - 0x00007ffbf3c6e000 	C:\WINDOWS\SYSTEM32\USERENV.dll
0x00007ffbf3580000 - 0x00007ffbf358c000 	C:\WINDOWS\SYSTEM32\CRYPTBASE.dll
0x00007ffbf30d0000 - 0x00007ffbf310b000 	C:\WINDOWS\SYSTEM32\IPHLPAPI.DLL
0x00007ffbf5b30000 - 0x00007ffbf5b38000 	C:\WINDOWS\System32\NSI.dll
0x00007ffbec6e0000 - 0x00007ffbec6f7000 	C:\WINDOWS\SYSTEM32\dhcpcsvc6.DLL
0x00007ffbeb0f0000 - 0x00007ffbeb10d000 	C:\WINDOWS\SYSTEM32\dhcpcsvc.DLL
0x00007ffbf3110000 - 0x00007ffbf31db000 	C:\WINDOWS\SYSTEM32\DNSAPI.dll
0x00007ffbd30a0000 - 0x00007ffbd30b7000 	C:\WINDOWS\system32\napinsp.dll
0x00007ffbeea80000 - 0x00007ffbeea9b000 	C:\WINDOWS\system32\pnrpnsp.dll
0x00007ffbd17d0000 - 0x00007ffbd17e5000 	C:\WINDOWS\system32\wshbth.dll
0x00007ffbef350000 - 0x00007ffbef36d000 	C:\WINDOWS\system32\NLAapi.dll
0x00007ffbf11c0000 - 0x00007ffbf11d2000 	C:\WINDOWS\System32\winrnr.dll
0x00007ffbe80e0000 - 0x00007ffbe80ea000 	C:\Windows\System32\rasadhlp.dll
0x00007ffbe8170000 - 0x00007ffbe81ef000 	C:\WINDOWS\System32\fwpuclnt.dll
0x00007ffbd24b0000 - 0x00007ffbd24b9000 	C:\Program Files\AdoptOpenJDK\jdk-11.0.10.9-hotspot\bin\management.dll
0x00007ffbd2340000 - 0x00007ffbd234b000 	C:\Program Files\AdoptOpenJDK\jdk-11.0.10.9-hotspot\bin\management_ext.dll
0x00007ffbc9010000 - 0x00007ffbc9035000 	C:\Program Files\AdoptOpenJDK\jdk-11.0.10.9-hotspot\bin\sunec.dll
0x00007ffbd2020000 - 0x00007ffbd202e000 	C:\Program Files\AdoptOpenJDK\jdk-11.0.10.9-hotspot\bin\sunmscapi.dll
0x00007ffbf4510000 - 0x00007ffbf4666000 	C:\WINDOWS\System32\CRYPT32.dll
0x00007ffbf3730000 - 0x00007ffbf3757000 	C:\WINDOWS\SYSTEM32\ncrypt.dll
0x00007ffbf36f0000 - 0x00007ffbf372b000 	C:\WINDOWS\SYSTEM32\NTASN1.dll

dbghelp: loaded successfully - version: 4.0.5 - missing functions: none
symbol engine: initialized successfully - sym options: 0x614 - pdb path: .;C:\Program Files\AdoptOpenJDK\jdk-11.0.10.9-hotspot\bin;C:\WINDOWS\SYSTEM32;C:\WINDOWS\WinSxS\amd64_microsoft.windows.common-controls_6595b64144ccf1df_6.0.19041.1110_none_60b5254171f9507e;C:\Program Files\AdoptOpenJDK\jdk-11.0.10.9-hotspot\bin\server

VM Arguments:
jvm_args: -Dallure.results.directory=C:\Users\ilich\IdeaProjects\Diploma1\build\allure-results -Ddb.password=pass -Ddb.url=jdbc:mysql://localhost:3306/app -Ddb.user=app -Dorg.gradle.native=false -Dselenide.headless -Dsut.url=localhost:8080 -javaagent:C:\Users\ilich\.gradle\caches\modules-2\files-2.1\org.aspectj\aspectjweaver\1.8.10\e198c5fee28988c355f74e06461614eae36b2032\aspectjweaver-1.8.10.jar -Xmx512m -Dfile.encoding=windows-1251 -Duser.country=RU -Duser.language=ru -Duser.variant -ea 
java_command: worker.org.gradle.process.internal.worker.GradleWorkerMain 'Gradle Test Executor 7'
java_class_path (initial): C:\\Users\\ilich\\.gradle\\caches\\6.8\\workerMain\\gradle-worker.jar;C:\\Users\\ilich\\IdeaProjects\\Diploma1\\build\\classes\\java\\test;C:\\Users\\ilich\\IdeaProjects\\Diploma1\\build\\resources\\test;C:\\Users\\ilich\\IdeaProjects\\Diploma1\\build\\classes\\java\\main;C:\\Users\\ilich\\IdeaProjects\\Diploma1\\build\\resources\\main;C:\\Users\\ilich\\.gradle\\caches\\modules-2\\files-2.1\\ch.qos.logback\\logback-classic\\1.2.8\\22d21c4dfc77adf6f2f24bf3991846792de50b48\\logback-classic-1.2.8.jar;C:\\Users\\ilich\\.gradle\\caches\\modules-2\\files-2.1\\io.qameta.allure\\allure-junit5\\2.15.0\\95411f15a7ad1dace36049f6b595c5837f9ef8a9\\allure-junit5-2.15.0.jar;C:\\Users\\ilich\\.gradle\\caches\\modules-2\\files-2.1\\io.qameta.allure\\allure-junit-platform\\2.15.0\\c991a0ffc14ec62f79904e440e80f347eb238f1f\\allure-junit-platform-2.15.0.jar;C:\\Users\\ilich\\.gradle\\caches\\modules-2\\files-2.1\\org.junit.jupiter\\junit-jupiter-params\\5.8.2\\ddeafe92fc263f895bfb73ffeca7fd56e23c2cce\\junit-jupiter-params-5.8.2.jar;C:\\Users\\ilich\\.gradle\\caches\\modules-2\\files-2.1\\org.junit.jupiter\\junit-jupiter-engine\\5.8.2\\c598b4328d2f397194d11df3b1648d68d7d990e3\\junit-jupiter-engine-5.8.2.jar;C:\\Users\\ilich\\.gradle\\caches\\modules-2\\files-2.1\\org.junit.jupiter\\junit-jupiter-api\\5.8.2\\4c21029217adf07e4c0d0c5e192b6bf610c94bdc\\junit-jupiter-api-5.8.2.jar;C:\\Users\\ilich\\.gradle\\caches\\modules-2\\files-2.1\\org.junit.platform\\junit-platform-launcher\\1.8.2\\c334fcee82b81311ab5c426ec2d52d467c8d0b28\\junit-platform-launcher-1.8.2.jar;C:\\Users\\ilich\\.gradle\\caches\\modules-2\\files-2.1\\org.junit.platform\\junit-platform-engine\\1.8.2\\b737de09f19864bd136805c84df7999a142fec29\\junit-platform-engine-1.8.2.jar;C:\\Users\\ilich\\.gradle\\caches\\modules-2\\files-2.1\\org.junit.platform\\junit-platform-commons\\1.8.2\\32c8b8617c1342376fd5af2053da6410d8866861\\junit-platform-commons-1.8.2.jar;C:\\Users\\ilich\\.gradle\\caches\\modules-2\
Launcher Type: SUN_STANDARD

[Global flags]
     intx CICompilerCount                          = 3                                         {product} {ergonomic}
     uint ConcGCThreads                            = 1                                         {product} {ergonomic}
     uint G1ConcRefinementThreads                  = 4                                         {product} {ergonomic}
   size_t G1HeapRegionSize                         = 1048576                                   {product} {ergonomic}
    uintx GCDrainStackTargetSize                   = 64                                        {product} {ergonomic}
   size_t InitialHeapSize                          = 58720256                                  {product} {ergonomic}
   size_t MarkStackSize                            = 4194304                                   {product} {ergonomic}
   size_t MaxHeapSize                              = 536870912                                 {product} {command line}
   size_t MaxNewSize                               = 321912832                                 {product} {ergonomic}
   size_t MinHeapDeltaBytes                        = 1048576                                   {product} {ergonomic}
    uintx NonNMethodCodeHeapSize                   = 5830732                                {pd product} {ergonomic}
    uintx NonProfiledCodeHeapSize                  = 122913754                              {pd product} {ergonomic}
    uintx ProfiledCodeHeapSize                     = 122913754                              {pd product} {ergonomic}
    uintx ReservedCodeCacheSize                    = 251658240                              {pd product} {ergonomic}
     bool SegmentedCodeCache                       = true                                      {product} {ergonomic}
     bool UseCompressedClassPointers               = true                                 {lp64_product} {ergonomic}
     bool UseCompressedOops                        = true                                 {lp64_product} {ergonomic}
     bool UseG1GC                                  = true                                      {product} {ergonomic}
     bool UseLargePagesIndividualAllocation        = false                                  {pd product} {ergonomic}

Logging:
Log output configuration:
 #0: stdout all=warning uptime,level,tags
 #1: stderr all=off uptime,level,tags

Environment Variables:
PATH=C:\Program Files\AdoptOpenJDK\jdk-11.0.10.9-hotspot\bin;C:\WINDOWS\system32;C:\WINDOWS;C:\WINDOWS\System32\Wbem;C:\WINDOWS\System32\WindowsPowerShell\v1.0\;C:\WINDOWS\System32\OpenSSH\;C:\Program Files\Git\cmd;C:\Program Files\Docker\Docker\resources\bin;C:\ProgramData\DockerDesktop\version-bin;C:\Users\ilich\AppData\Local\Microsoft\WindowsApps;C:\Users\ilich\AppData\Local\Programs\Microsoft VS Code\bin
USERNAME=ilich
OS=Windows_NT
PROCESSOR_IDENTIFIER=AMD64 Family 23 Model 24 Stepping 1, AuthenticAMD



---------------  S Y S T E M  ---------------

OS: Windows 10 , 64 bit Build 19041 (10.0.19041.1348)
OS uptime: 1 days 2:43 hours
Hyper-V role detected

CPU:total 4 (initial active 4) (4 cores per cpu, 2 threads per core) family 23 model 24 stepping 1 microcode 0x0, cmov, cx8, fxsr, mmx, sse, sse2, sse3, ssse3, sse4.1, sse4.2, popcnt, avx, avx2, aes, clmul, mmxext, 3dnowpref, lzcnt, sse4a, ht, tsc, tscinvbit, tscinv, bmi1, bmi2, adx, s

Memory: 4k page, system-wide physical 3522M (234M free)
TotalPageFile size 14274M (AvailPageFile size 0M)
current process WorkingSet (physical memory assigned to process): 172M, peak: 265M
current process commit charge ("private bytes"): 320M, peak: 332M

vm_info: OpenJDK 64-Bit Server VM (11.0.10+9) for windows-amd64 JRE (11.0.10+9), built on Jan 20 2021 06:07:07 by "" with MS VC++ 15.9 (VS2017)

END.
