#
# There is insufficient memory for the Java Runtime Environment to continue.
# Native memory allocation (malloc) failed to allocate 1222256 bytes for Chunk::new
# Possible reasons:
#   The system is out of physical RAM or swap space
#   The process is running with CompressedOops enabled, and the Java Heap may be blocking the growth of the native heap
# Possible solutions:
#   Reduce memory load on the system
#   Increase physical memory or swap space
#   Check if swap backing store is full
#   Decrease Java heap size (-Xmx/-Xms)
#   Decrease number of Java threads
#   Decrease Java thread stack sizes (-Xss)
#   Set larger code cache with -XX:ReservedCodeCacheSize=
#   JVM is running with Unscaled Compressed Oops mode in which the Java heap is
#     placed in the first 4GB address space. The Java Heap base address is the
#     maximum limit for the native heap growth. Please use -XX:HeapBaseMinAddress
#     to set the Java Heap base and to place the Java Heap above 4GB virtual address.
# This output file may be truncated or incomplete.
#
#  Out of Memory Error (./src/hotspot/share/memory/arena.cpp:197), pid=3540, tid=7544
#
# JRE version: OpenJDK Runtime Environment AdoptOpenJDK (11.0.10+9) (build 11.0.10+9)
# Java VM: OpenJDK 64-Bit Server VM AdoptOpenJDK (11.0.10+9, mixed mode, tiered, compressed oops, g1 gc, windows-amd64)
# No core dump will be written. Minidumps are not enabled by default on client versions of Windows
#

---------------  S U M M A R Y ------------

Command Line: -Dallure.results.directory=C:\Users\ilich\IdeaProjects\Diploma1\build\allure-results -Ddb.password=pass -Ddb.url=jdbc:mysql://localhost:3306/app -Ddb.user=app -Dorg.gradle.native=false -Dselenide.headless -Dsut.url=localhost:8080 -javaagent:C:\Users\ilich\.gradle\caches\modules-2\files-2.1\org.aspectj\aspectjweaver\1.8.10\e198c5fee28988c355f74e06461614eae36b2032\aspectjweaver-1.8.10.jar -Xmx512m -Dfile.encoding=windows-1251 -Duser.country=RU -Duser.language=ru -Duser.variant -ea worker.org.gradle.process.internal.worker.GradleWorkerMain 'Gradle Test Executor 8'

Host: AMD Ryzen 3 3200U with Radeon Vega Mobile Gfx  , 4 cores, 3G,  Windows 10 , 64 bit Build 19041 (10.0.19041.1348)
Time: Mon Dec 20 22:02:58 2021 RTZ 2 (зима) elapsed time: 20.615386 seconds (0d 0h 0m 20s)

---------------  T H R E A D  ---------------

Current thread (0x0000018c7b916000):  JavaThread "C2 CompilerThread0" daemon [_thread_in_native, id=7544, stack(0x000000261cf00000,0x000000261d000000)]


Current CompileTask:
C2:  20615 4053       4       org.aspectj.apache.bcel.generic.MethodGen::<init> (925 bytes)

Stack: [0x000000261cf00000,0x000000261d000000]
Native frames: (J=compiled Java code, j=interpreted, Vv=VM code, C=native code)
V  [jvm.dll+0x5f35ea]
V  [jvm.dll+0x77c65e]
V  [jvm.dll+0x77dd2f]
V  [jvm.dll+0x77e3f3]
V  [jvm.dll+0x246c38]
V  [jvm.dll+0xbe6cc]
V  [jvm.dll+0xbedcc]
V  [jvm.dll+0x34bfd7]
V  [jvm.dll+0x198919]
V  [jvm.dll+0x200632]
V  [jvm.dll+0x1ff70f]
V  [jvm.dll+0x1846bc]
V  [jvm.dll+0x20ec37]
V  [jvm.dll+0x20ce1b]
V  [jvm.dll+0x740b39]
V  [jvm.dll+0x739ba4]
V  [jvm.dll+0x5f2466]
C  [ucrtbase.dll+0x21bb2]
C  [KERNEL32.DLL+0x17034]
C  [ntdll.dll+0x52651]


---------------  P R O C E S S  ---------------

Threads class SMR info:
_java_thread_list=0x0000018c7d2f35e0, length=27, elements={
0x0000018c6f9f6800, 0x0000018c7b8ae800, 0x0000018c7b8b8000, 0x0000018c7b910000,
0x0000018c7b911000, 0x0000018c7b912800, 0x0000018c7b916000, 0x0000018c7b91c000,
0x0000018c7c242800, 0x0000018c7c3a0000, 0x0000018c7d1a8000, 0x0000018c7d1a7800,
0x0000018c7d1a2800, 0x0000018c7d1a5800, 0x0000018c7d1a6800, 0x0000018c7d1a3000,
0x0000018c7d1a9000, 0x0000018c7d1a4000, 0x0000018c7d1a5000, 0x0000018c7f9ca000,
0x0000018c7f9cf000, 0x0000018c7f9cb000, 0x0000018c7f9ce000, 0x0000018c7f9cc800,
0x0000018c7f9cb800, 0x0000018c7f9cd800, 0x0000018c7f9c9800
}

Java Threads: ( => current thread )
  0x0000018c6f9f6800 JavaThread "main" [_thread_blocked, id=4524, stack(0x000000261c300000,0x000000261c400000)]
  0x0000018c7b8ae800 JavaThread "Reference Handler" daemon [_thread_blocked, id=2616, stack(0x000000261ca00000,0x000000261cb00000)]
  0x0000018c7b8b8000 JavaThread "Finalizer" daemon [_thread_blocked, id=10556, stack(0x000000261cb00000,0x000000261cc00000)]
  0x0000018c7b910000 JavaThread "Signal Dispatcher" daemon [_thread_blocked, id=904, stack(0x000000261cc00000,0x000000261cd00000)]
  0x0000018c7b911000 JavaThread "Attach Listener" daemon [_thread_blocked, id=12556, stack(0x000000261cd00000,0x000000261ce00000)]
  0x0000018c7b912800 JavaThread "Service Thread" daemon [_thread_blocked, id=11500, stack(0x000000261ce00000,0x000000261cf00000)]
=>0x0000018c7b916000 JavaThread "C2 CompilerThread0" daemon [_thread_in_native, id=7544, stack(0x000000261cf00000,0x000000261d000000)]
  0x0000018c7b91c000 JavaThread "C1 CompilerThread0" daemon [_thread_blocked, id=932, stack(0x000000261d000000,0x000000261d100000)]
  0x0000018c7c242800 JavaThread "Sweeper thread" daemon [_thread_blocked, id=3520, stack(0x000000261d100000,0x000000261d200000)]
  0x0000018c7c3a0000 JavaThread "Common-Cleaner" daemon [_thread_blocked, id=1420, stack(0x000000261d200000,0x000000261d300000)]
  0x0000018c7d1a8000 JavaThread "Forwarding isElementDisplayed on session 0ddb92e1f3922d4577a36df02212b1da to remote" [_thread_blocked, id=11592, stack(0x000000261d600000,0x000000261d700000)]
  0x0000018c7d1a7800 JavaThread "/127.0.0.1:63510 to /127.0.0.1:63508 workers Thread 2" [_thread_blocked, id=11812, stack(0x000000261d700000,0x000000261d800000)]
  0x0000018c7d1a2800 JavaThread "/127.0.0.1:63510 to /127.0.0.1:63508 workers Thread 3" [_thread_in_native, id=9788, stack(0x000000261d800000,0x000000261d900000)]
  0x0000018c7d1a5800 JavaThread "ForkJoinPool.commonPool-worker-3" daemon [_thread_blocked, id=8064, stack(0x000000261db00000,0x000000261dc00000)]
  0x0000018c7d1a6800 JavaThread "AsyncHttpClient-1-1" daemon [_thread_blocked, id=7040, stack(0x000000261dc00000,0x000000261dd00000)]
  0x0000018c7d1a3000 JavaThread "ForkJoinPool.commonPool-worker-5" daemon [_thread_blocked, id=5576, stack(0x000000261dd00000,0x000000261de00000)]
  0x0000018c7d1a9000 JavaThread "ForkJoinPool.commonPool-worker-7" daemon [_thread_blocked, id=12920, stack(0x000000261de00000,0x000000261df00000)]
  0x0000018c7d1a4000 JavaThread "Exec Default Executor" daemon [_thread_in_native, id=7832, stack(0x000000261df00000,0x000000261e000000)]
  0x0000018c7d1a5000 JavaThread "Driver Service Executor" daemon [_thread_blocked, id=13528, stack(0x000000261e000000,0x000000261e100000)]
  0x0000018c7f9ca000 JavaThread "Driver Service Executor" daemon [_thread_blocked, id=2708, stack(0x000000261e100000,0x000000261e200000)]
  0x0000018c7f9cf000 JavaThread "UrlChecker-2" daemon [_thread_blocked, id=6924, stack(0x000000261e200000,0x000000261e300000)]
  0x0000018c7f9cb000 JavaThread "Exec Stream Pumper" daemon [_thread_in_native, id=1104, stack(0x000000261e300000,0x000000261e400000)]
  0x0000018c7f9ce000 JavaThread "Exec Stream Pumper" daemon [_thread_in_native, id=11932, stack(0x000000261e400000,0x000000261e500000)]
  0x0000018c7f9cc800 JavaThread "AsyncHttpClient-1-2" daemon [_thread_in_native, id=6784, stack(0x000000261e600000,0x000000261e700000)]
  0x0000018c7f9cb800 JavaThread "AsyncHttpClient-1-3" daemon [_thread_in_native, id=9452, stack(0x000000261e500000,0x000000261e600000)]
  0x0000018c7f9cd800 JavaThread "AsyncHttpClient-1-4" daemon [_thread_in_native, id=12688, stack(0x000000261e700000,0x000000261e800000)]
  0x0000018c7f9c9800 JavaThread "Webdrivers killer thread" daemon [_thread_blocked, id=13876, stack(0x000000261e800000,0x000000261e900000)]

Other Threads:
  0x0000018c7b887800 VMThread "VM Thread" [stack: 0x000000261c900000,0x000000261ca00000] [id=8360]
  0x0000018c7cc58000 WatcherThread [stack: 0x000000261d300000,0x000000261d400000] [id=1768]
  0x0000018c6fa11000 GCTaskThread "GC Thread#0" [stack: 0x000000261c400000,0x000000261c500000] [id=12676]
  0x0000018c7cc97800 GCTaskThread "GC Thread#1" [stack: 0x000000261d400000,0x000000261d500000] [id=11184]
  0x0000018c7d40e800 GCTaskThread "GC Thread#2" [stack: 0x000000261d900000,0x000000261da00000] [id=928]
  0x0000018c7d1b4000 GCTaskThread "GC Thread#3" [stack: 0x000000261da00000,0x000000261db00000] [id=9164]
  0x0000018c6fa23000 ConcurrentGCThread "G1 Main Marker" [stack: 0x000000261c500000,0x000000261c600000] [id=460]
  0x0000018c6fa24800 ConcurrentGCThread "G1 Conc#0" [stack: 0x000000261c600000,0x000000261c700000] [id=3856]
  0x0000018c6faa1000 ConcurrentGCThread "G1 Refine#0" [stack: 0x000000261c700000,0x000000261c800000] [id=8888]
  0x0000018c6faa2000 ConcurrentGCThread "G1 Young RemSet Sampling" [stack: 0x000000261c800000,0x000000261c900000] [id=9228]

Threads with active compile tasks:
C2 CompilerThread0  20648 4053       4       org.aspectj.apache.bcel.generic.MethodGen::<init> (925 bytes)

VM state:not at safepoint (normal execution)

VM Mutex/Monitor currently owned by a thread: None

Heap address: 0x00000000e0000000, size: 512 MB, Compressed Oops mode: 32-bit
Narrow klass base: 0x0000000000000000, Narrow klass shift: 3
Compressed class space size: 1073741824 Address: 0x0000000100000000

Heap:
 garbage-first heap   total 101376K, used 84934K [0x00000000e0000000, 0x0000000100000000)
  region size 1024K, 10 young (10240K), 1 survivors (1024K)
 Metaspace       used 43662K, capacity 44920K, committed 45232K, reserved 1089536K
  class space    used 5047K, capacity 5559K, committed 5632K, reserved 1048576K
Heap Regions: E=young(eden), S=young(survivor), O=old, HS=humongous(starts), HC=humongous(continues), CS=collection set, F=free, A=archive, TAMS=top-at-mark-start (previous, next)
|   0|0x00000000e0000000, 0x00000000e0100000, 0x00000000e0100000|100%| O|  |TAMS 0x00000000e0100000, 0x00000000e0000000| Untracked 
|   1|0x00000000e0100000, 0x00000000e0200000, 0x00000000e0200000|100%| O|  |TAMS 0x00000000e0200000, 0x00000000e0100000| Untracked 
|   2|0x00000000e0200000, 0x00000000e0300000, 0x00000000e0300000|100%| O|  |TAMS 0x00000000e0300000, 0x00000000e0200000| Untracked 
|   3|0x00000000e0300000, 0x00000000e0400000, 0x00000000e0400000|100%| O|  |TAMS 0x00000000e0400000, 0x00000000e0300000| Untracked 
|   4|0x00000000e0400000, 0x00000000e0500000, 0x00000000e0500000|100%| O|  |TAMS 0x00000000e0500000, 0x00000000e0400000| Untracked 
|   5|0x00000000e0500000, 0x00000000e0600000, 0x00000000e0600000|100%| O|  |TAMS 0x00000000e0600000, 0x00000000e0500000| Untracked 
|   6|0x00000000e0600000, 0x00000000e0700000, 0x00000000e0700000|100%| O|  |TAMS 0x00000000e0700000, 0x00000000e0600000| Untracked 
|   7|0x00000000e0700000, 0x00000000e0800000, 0x00000000e0800000|100%| O|  |TAMS 0x00000000e0800000, 0x00000000e0700000| Untracked 
|   8|0x00000000e0800000, 0x00000000e0900000, 0x00000000e0900000|100%| O|  |TAMS 0x00000000e0900000, 0x00000000e0800000| Untracked 
|   9|0x00000000e0900000, 0x00000000e0a00000, 0x00000000e0a00000|100%| O|  |TAMS 0x00000000e0a00000, 0x00000000e0900000| Untracked 
|  10|0x00000000e0a00000, 0x00000000e0b00000, 0x00000000e0b00000|100%| O|  |TAMS 0x00000000e0b00000, 0x00000000e0a00000| Untracked 
|  11|0x00000000e0b00000, 0x00000000e0c00000, 0x00000000e0c00000|100%| O|  |TAMS 0x00000000e0c00000, 0x00000000e0b00000| Untracked 
|  12|0x00000000e0c00000, 0x00000000e0d00000, 0x00000000e0d00000|100%| O|  |TAMS 0x00000000e0d00000, 0x00000000e0c00000| Untracked 
|  13|0x00000000e0d00000, 0x00000000e0e00000, 0x00000000e0e00000|100%| O|  |TAMS 0x00000000e0e00000, 0x00000000e0d00000| Untracked 
|  14|0x00000000e0e00000, 0x00000000e0f00000, 0x00000000e0f00000|100%| O|  |TAMS 0x00000000e0f00000, 0x00000000e0e00000| Untracked 
|  15|0x00000000e0f00000, 0x00000000e1000000, 0x00000000e1000000|100%| O|  |TAMS 0x00000000e1000000, 0x00000000e0f00000| Untracked 
|  16|0x00000000e1000000, 0x00000000e1100000, 0x00000000e1100000|100%| O|  |TAMS 0x00000000e1100000, 0x00000000e1000000| Untracked 
|  17|0x00000000e1100000, 0x00000000e1200000, 0x00000000e1200000|100%| O|  |TAMS 0x00000000e1200000, 0x00000000e1100000| Untracked 
|  18|0x00000000e1200000, 0x00000000e1300000, 0x00000000e1300000|100%| O|  |TAMS 0x00000000e1300000, 0x00000000e1200000| Untracked 
|  19|0x00000000e1300000, 0x00000000e1400000, 0x00000000e1400000|100%| O|  |TAMS 0x00000000e1400000, 0x00000000e1300000| Untracked 
|  20|0x00000000e1400000, 0x00000000e1500000, 0x00000000e1500000|100%| O|  |TAMS 0x00000000e1500000, 0x00000000e1400000| Untracked 
|  21|0x00000000e1500000, 0x00000000e1600000, 0x00000000e1600000|100%| O|  |TAMS 0x00000000e1600000, 0x00000000e1500000| Untracked 
|  22|0x00000000e1600000, 0x00000000e1700000, 0x00000000e1700000|100%| O|  |TAMS 0x00000000e1700000, 0x00000000e1600000| Untracked 
|  23|0x00000000e1700000, 0x00000000e1800000, 0x00000000e1800000|100%| O|  |TAMS 0x00000000e1800000, 0x00000000e1700000| Untracked 
|  24|0x00000000e1800000, 0x00000000e1900000, 0x00000000e1900000|100%| O|  |TAMS 0x00000000e1900000, 0x00000000e1800000| Untracked 
|  25|0x00000000e1900000, 0x00000000e1a00000, 0x00000000e1a00000|100%| O|  |TAMS 0x00000000e1a00000, 0x00000000e1900000| Untracked 
|  26|0x00000000e1a00000, 0x00000000e1b00000, 0x00000000e1b00000|100%| O|  |TAMS 0x00000000e1b00000, 0x00000000e1a00000| Untracked 
|  27|0x00000000e1b00000, 0x00000000e1c00000, 0x00000000e1c00000|100%| O|  |TAMS 0x00000000e1c00000, 0x00000000e1b00000| Untracked 
|  28|0x00000000e1c00000, 0x00000000e1d00000, 0x00000000e1d00000|100%| O|  |TAMS 0x00000000e1d00000, 0x00000000e1c00000| Untracked 
|  29|0x00000000e1d00000, 0x00000000e1e00000, 0x00000000e1e00000|100%| O|  |TAMS 0x00000000e1e00000, 0x00000000e1d00000| Untracked 
|  30|0x00000000e1e00000, 0x00000000e1f00000, 0x00000000e1f00000|100%| O|  |TAMS 0x00000000e1f00000, 0x00000000e1e00000| Untracked 
|  31|0x00000000e1f00000, 0x00000000e2000000, 0x00000000e2000000|100%| O|  |TAMS 0x00000000e2000000, 0x00000000e1f00000| Untracked 
|  32|0x00000000e2000000, 0x00000000e2100000, 0x00000000e2100000|100%| O|  |TAMS 0x00000000e2100000, 0x00000000e2000000| Untracked 
|  33|0x00000000e2100000, 0x00000000e2200000, 0x00000000e2200000|100%| O|  |TAMS 0x00000000e2200000, 0x00000000e2100000| Untracked 
|  34|0x00000000e2200000, 0x00000000e2300000, 0x00000000e2300000|100%| O|  |TAMS 0x00000000e2300000, 0x00000000e2200000| Untracked 
|  35|0x00000000e2300000, 0x00000000e2400000, 0x00000000e2400000|100%| O|  |TAMS 0x00000000e2400000, 0x00000000e2300000| Untracked 
|  36|0x00000000e2400000, 0x00000000e2500000, 0x00000000e2500000|100%| O|  |TAMS 0x00000000e2500000, 0x00000000e2400000| Untracked 
|  37|0x00000000e2500000, 0x00000000e2600000, 0x00000000e2600000|100%| O|  |TAMS 0x00000000e2600000, 0x00000000e2500000| Untracked 
|  38|0x00000000e2600000, 0x00000000e2700000, 0x00000000e2700000|100%| O|  |TAMS 0x00000000e2700000, 0x00000000e2600000| Untracked 
|  39|0x00000000e2700000, 0x00000000e2800000, 0x00000000e2800000|100%| O|  |TAMS 0x00000000e2800000, 0x00000000e2700000| Untracked 
|  40|0x00000000e2800000, 0x00000000e2900000, 0x00000000e2900000|100%| O|  |TAMS 0x00000000e2900000, 0x00000000e2800000| Untracked 
|  41|0x00000000e2900000, 0x00000000e2a00000, 0x00000000e2a00000|100%| O|  |TAMS 0x00000000e2a00000, 0x00000000e2900000| Untracked 
|  42|0x00000000e2a00000, 0x00000000e2b00000, 0x00000000e2b00000|100%| O|  |TAMS 0x00000000e2b00000, 0x00000000e2a00000| Untracked 
|  43|0x00000000e2b00000, 0x00000000e2c00000, 0x00000000e2c00000|100%| O|  |TAMS 0x00000000e2c00000, 0x00000000e2b00000| Untracked 
|  44|0x00000000e2c00000, 0x00000000e2d00000, 0x00000000e2d00000|100%| O|  |TAMS 0x00000000e2d00000, 0x00000000e2c00000| Untracked 
|  45|0x00000000e2d00000, 0x00000000e2e00000, 0x00000000e2e00000|100%| O|  |TAMS 0x00000000e2e00000, 0x00000000e2d00000| Untracked 
|  46|0x00000000e2e00000, 0x00000000e2f00000, 0x00000000e2f00000|100%| O|  |TAMS 0x00000000e2f00000, 0x00000000e2e00000| Untracked 
|  47|0x00000000e2f00000, 0x00000000e3000000, 0x00000000e3000000|100%| O|  |TAMS 0x00000000e3000000, 0x00000000e2f00000| Untracked 
|  48|0x00000000e3000000, 0x00000000e3100000, 0x00000000e3100000|100%| O|  |TAMS 0x00000000e3100000, 0x00000000e3000000| Untracked 
|  49|0x00000000e3100000, 0x00000000e3200000, 0x00000000e3200000|100%| O|  |TAMS 0x00000000e3200000, 0x00000000e3100000| Untracked 
|  50|0x00000000e3200000, 0x00000000e3300000, 0x00000000e3300000|100%| O|  |TAMS 0x00000000e3300000, 0x00000000e3200000| Untracked 
|  51|0x00000000e3300000, 0x00000000e3400000, 0x00000000e3400000|100%| O|  |TAMS 0x00000000e3400000, 0x00000000e3300000| Untracked 
|  52|0x00000000e3400000, 0x00000000e3500000, 0x00000000e3500000|100%| O|  |TAMS 0x00000000e3500000, 0x00000000e3400000| Untracked 
|  53|0x00000000e3500000, 0x00000000e3600000, 0x00000000e3600000|100%| O|  |TAMS 0x00000000e3600000, 0x00000000e3500000| Untracked 
|  54|0x00000000e3600000, 0x00000000e3700000, 0x00000000e3700000|100%| O|  |TAMS 0x00000000e3700000, 0x00000000e3600000| Untracked 
|  55|0x00000000e3700000, 0x00000000e3800000, 0x00000000e3800000|100%| O|  |TAMS 0x00000000e3800000, 0x00000000e3700000| Untracked 
|  56|0x00000000e3800000, 0x00000000e3900000, 0x00000000e3900000|100%| O|  |TAMS 0x00000000e3900000, 0x00000000e3800000| Untracked 
|  57|0x00000000e3900000, 0x00000000e3a00000, 0x00000000e3a00000|100%| O|  |TAMS 0x00000000e394d400, 0x00000000e3900000| Untracked 
|  58|0x00000000e3a00000, 0x00000000e3a82200, 0x00000000e3b00000| 50%| O|  |TAMS 0x00000000e3a00000, 0x00000000e3a00000| Untracked 
|  59|0x00000000e3b00000, 0x00000000e3b00000, 0x00000000e3c00000|  0%| F|  |TAMS 0x00000000e3b00000, 0x00000000e3b00000| Untracked 
|  60|0x00000000e3c00000, 0x00000000e3c00000, 0x00000000e3d00000|  0%| F|  |TAMS 0x00000000e3c00000, 0x00000000e3c00000| Untracked 
|  61|0x00000000e3d00000, 0x00000000e3d00000, 0x00000000e3e00000|  0%| F|  |TAMS 0x00000000e3d00000, 0x00000000e3d00000| Untracked 
|  62|0x00000000e3e00000, 0x00000000e3e00000, 0x00000000e3f00000|  0%| F|  |TAMS 0x00000000e3e00000, 0x00000000e3e00000| Untracked 
|  63|0x00000000e3f00000, 0x00000000e3f00000, 0x00000000e4000000|  0%| F|  |TAMS 0x00000000e3f00000, 0x00000000e3f00000| Untracked 
|  64|0x00000000e4000000, 0x00000000e4000000, 0x00000000e4100000|  0%| F|  |TAMS 0x00000000e4000000, 0x00000000e4000000| Untracked 
|  65|0x00000000e4100000, 0x00000000e4100000, 0x00000000e4200000|  0%| F|  |TAMS 0x00000000e4100000, 0x00000000e4100000| Untracked 
|  66|0x00000000e4200000, 0x00000000e4200000, 0x00000000e4300000|  0%| F|  |TAMS 0x00000000e4200000, 0x00000000e4200000| Untracked 
|  67|0x00000000e4300000, 0x00000000e4300000, 0x00000000e4400000|  0%| F|  |TAMS 0x00000000e4300000, 0x00000000e4300000| Untracked 
|  68|0x00000000e4400000, 0x00000000e4400000, 0x00000000e4500000|  0%| F|  |TAMS 0x00000000e4400000, 0x00000000e4400000| Untracked 
|  69|0x00000000e4500000, 0x00000000e4500000, 0x00000000e4600000|  0%| F|  |TAMS 0x00000000e4500000, 0x00000000e4500000| Untracked 
|  70|0x00000000e4600000, 0x00000000e4700000, 0x00000000e4700000|100%|HS|  |TAMS 0x00000000e4700000, 0x00000000e4600000| Complete 
|  71|0x00000000e4700000, 0x00000000e4800000, 0x00000000e4800000|100%|HC|  |TAMS 0x00000000e4800000, 0x00000000e4700000| Complete 
|  72|0x00000000e4800000, 0x00000000e4900000, 0x00000000e4900000|100%|HC|  |TAMS 0x00000000e4900000, 0x00000000e4800000| Complete 
|  73|0x00000000e4900000, 0x00000000e4a00000, 0x00000000e4a00000|100%|HC|  |TAMS 0x00000000e4a00000, 0x00000000e4900000| Complete 
|  74|0x00000000e4a00000, 0x00000000e4b00000, 0x00000000e4b00000|100%|HC|  |TAMS 0x00000000e4b00000, 0x00000000e4a00000| Complete 
|  75|0x00000000e4b00000, 0x00000000e4c00000, 0x00000000e4c00000|100%|HC|  |TAMS 0x00000000e4c00000, 0x00000000e4b00000| Complete 
|  76|0x00000000e4c00000, 0x00000000e4d00000, 0x00000000e4d00000|100%|HC|  |TAMS 0x00000000e4d00000, 0x00000000e4c00000| Complete 
|  77|0x00000000e4d00000, 0x00000000e4e00000, 0x00000000e4e00000|100%|HC|  |TAMS 0x00000000e4e00000, 0x00000000e4d00000| Complete 
|  78|0x00000000e4e00000, 0x00000000e4f00000, 0x00000000e4f00000|100%|HC|  |TAMS 0x00000000e4f00000, 0x00000000e4e00000| Complete 
|  79|0x00000000e4f00000, 0x00000000e5000000, 0x00000000e5000000|100%|HC|  |TAMS 0x00000000e5000000, 0x00000000e4f00000| Complete 
|  80|0x00000000e5000000, 0x00000000e5100000, 0x00000000e5100000|100%|HC|  |TAMS 0x00000000e5100000, 0x00000000e5000000| Complete 
|  81|0x00000000e5100000, 0x00000000e5200000, 0x00000000e5200000|100%|HC|  |TAMS 0x00000000e5200000, 0x00000000e5100000| Complete 
|  82|0x00000000e5200000, 0x00000000e5300000, 0x00000000e5300000|100%|HC|  |TAMS 0x00000000e5300000, 0x00000000e5200000| Complete 
|  83|0x00000000e5300000, 0x00000000e5400000, 0x00000000e5400000|100%|HC|  |TAMS 0x00000000e5400000, 0x00000000e5300000| Complete 
|  84|0x00000000e5400000, 0x00000000e5500000, 0x00000000e5500000|100%|HC|  |TAMS 0x00000000e5500000, 0x00000000e5400000| Complete 
|  85|0x00000000e5500000, 0x00000000e5600000, 0x00000000e5600000|100%|HC|  |TAMS 0x00000000e5600000, 0x00000000e5500000| Complete 
|  86|0x00000000e5600000, 0x00000000e5700000, 0x00000000e5700000|100%|HC|  |TAMS 0x00000000e5700000, 0x00000000e5600000| Complete 
|  87|0x00000000e5700000, 0x00000000e5700000, 0x00000000e5800000|  0%| F|  |TAMS 0x00000000e5700000, 0x00000000e5700000| Untracked 
|  88|0x00000000e5800000, 0x00000000e5800000, 0x00000000e5900000|  0%| F|  |TAMS 0x00000000e5800000, 0x00000000e5800000| Untracked 
|  89|0x00000000e5900000, 0x00000000e596f620, 0x00000000e5a00000| 43%| S|CS|TAMS 0x00000000e5900000, 0x00000000e5900000| Complete 
|  90|0x00000000e5a00000, 0x00000000e5a0bea0, 0x00000000e5b00000|  4%| E|  |TAMS 0x00000000e5a00000, 0x00000000e5a00000| Complete 
|  91|0x00000000e5b00000, 0x00000000e5c00000, 0x00000000e5c00000|100%| E|CS|TAMS 0x00000000e5b00000, 0x00000000e5b00000| Complete 
|  92|0x00000000e5c00000, 0x00000000e5d00000, 0x00000000e5d00000|100%| E|  |TAMS 0x00000000e5c00000, 0x00000000e5c00000| Complete 
|  93|0x00000000e5d00000, 0x00000000e5e00000, 0x00000000e5e00000|100%| E|CS|TAMS 0x00000000e5d00000, 0x00000000e5d00000| Complete 
|  94|0x00000000e5e00000, 0x00000000e5f00000, 0x00000000e5f00000|100%| E|CS|TAMS 0x00000000e5e00000, 0x00000000e5e00000| Complete 
|  95|0x00000000e5f00000, 0x00000000e6000000, 0x00000000e6000000|100%| E|CS|TAMS 0x00000000e5f00000, 0x00000000e5f00000| Complete 
|  96|0x00000000e6000000, 0x00000000e6100000, 0x00000000e6100000|100%| E|CS|TAMS 0x00000000e6000000, 0x00000000e6000000| Complete 
|  97|0x00000000e6100000, 0x00000000e6200000, 0x00000000e6200000|100%| E|CS|TAMS 0x00000000e6100000, 0x00000000e6100000| Complete 
|  98|0x00000000e6200000, 0x00000000e6300000, 0x00000000e6300000|100%| E|CS|TAMS 0x00000000e6200000, 0x00000000e6200000| Complete 

Card table byte_map: [0x0000018c780e0000,0x0000018c781e0000] _byte_map_base: 0x0000018c779e0000

Marking Bits (Prev, Next): (CMBitMap*) 0x0000018c6fa20218, (CMBitMap*) 0x0000018c6fa20250
 Prev Bits: [0x0000018c782e0000, 0x0000018c78ae0000)
 Next Bits: [0x0000018c78ae0000, 0x0000018c792e0000)

Polling page: 0x0000018c6f1d0000

Metaspace:

Usage:
  Non-class:     38.44 MB capacity,    37.71 MB ( 98%) used,   599.45 KB (  2%) free+waste,   146.50 KB ( <1%) overhead. 
      Class:      5.43 MB capacity,     4.93 MB ( 91%) used,   440.87 KB (  8%) free+waste,    70.63 KB (  1%) overhead. 
       Both:     43.87 MB capacity,    42.64 MB ( 97%) used,     1.02 MB (  2%) free+waste,   217.13 KB ( <1%) overhead. 

Virtual space:
  Non-class space:       40.00 MB reserved,      38.67 MB ( 97%) committed 
      Class space:        1.00 GB reserved,       5.50 MB ( <1%) committed 
             Both:        1.04 GB reserved,      44.17 MB (  4%) committed 

Chunk freelists:
   Non-Class:  47.00 KB
       Class:  9.00 KB
        Both:  56.00 KB

MaxMetaspaceSize: 17179869184.00 GB
CompressedClassSpaceSize: 1.00 GB

CodeHeap 'non-profiled nmethods': size=120064Kb used=2792Kb max_used=2792Kb free=117271Kb
 bounds [0x0000018c07ac0000, 0x0000018c07d80000, 0x0000018c0f000000]
CodeHeap 'profiled nmethods': size=120000Kb used=8969Kb max_used=8969Kb free=111030Kb
 bounds [0x0000018c00590000, 0x0000018c00e60000, 0x0000018c07ac0000]
CodeHeap 'non-nmethods': size=5696Kb used=1200Kb max_used=1248Kb free=4495Kb
 bounds [0x0000018c00000000, 0x0000018c00270000, 0x0000018c00590000]
 total_blobs=4562 nmethods=4000 adapters=473
 compilation: enabled
              stopped_count=0, restarted_count=0
 full_count=0

Compilation events (20 events):
Event: 20.489 Thread 0x0000018c7b91c000 4142       2       java.util.Formatter$Flags::<init> (10 bytes)
Event: 20.489 Thread 0x0000018c7b91c000 nmethod 4142 0x0000018c00e4f590 code [0x0000018c00e4f740, 0x0000018c00e4f838]
Event: 20.489 Thread 0x0000018c7b91c000 4143       2       com.google.common.collect.ImmutableEntry::<init> (15 bytes)
Event: 20.489 Thread 0x0000018c7b91c000 nmethod 4143 0x0000018c00e4f910 code [0x0000018c00e4fac0, 0x0000018c00e4fc58]
Event: 20.491 Thread 0x0000018c7b91c000 4144       2       java.util.HashSet::isEmpty (8 bytes)
Event: 20.491 Thread 0x0000018c7b91c000 nmethod 4144 0x0000018c00e4fd10 code [0x0000018c00e4fec0, 0x0000018c00e4ffd8]
Event: 20.491 Thread 0x0000018c7b91c000 4145       2       jdk.internal.misc.Unsafe::weakCompareAndSetLong (11 bytes)
Event: 20.491 Thread 0x0000018c7b91c000 nmethod 4145 0x0000018c00e50090 code [0x0000018c00e50240, 0x0000018c00e50358]
Event: 20.492 Thread 0x0000018c7b91c000 4146       2       io.netty.util.internal.InternalThreadLocalMap::indexedVariable (21 bytes)
Event: 20.493 Thread 0x0000018c7b91c000 nmethod 4146 0x0000018c00e50410 code [0x0000018c00e505c0, 0x0000018c00e506f8]
Event: 20.493 Thread 0x0000018c7b91c000 4147       2       io.netty.util.internal.InternalThreadLocalMap::fastGet (24 bytes)
Event: 20.493 Thread 0x0000018c7b91c000 nmethod 4147 0x0000018c00e50810 code [0x0000018c00e509e0, 0x0000018c00e50dd8]
Event: 20.493 Thread 0x0000018c7b91c000 4148       1       java.nio.channels.spi.AbstractSelectionKey::isValid (5 bytes)
Event: 20.493 Thread 0x0000018c7b91c000 nmethod 4148 0x0000018c07d79c90 code [0x0000018c07d79e40, 0x0000018c07d79ef8]
Event: 20.494 Thread 0x0000018c7b91c000 4149       2       io.netty.util.concurrent.FastThreadLocal::get (28 bytes)
Event: 20.495 Thread 0x0000018c7b91c000 nmethod 4149 0x0000018c00e50f90 code [0x0000018c00e51200, 0x0000018c00e51c08]
Event: 20.495 Thread 0x0000018c7b91c000 4150       2       java.nio.channels.spi.AbstractInterruptibleChannel::isOpen (13 bytes)
Event: 20.495 Thread 0x0000018c7b91c000 nmethod 4150 0x0000018c00e52110 code [0x0000018c00e522c0, 0x0000018c00e523d8]
Event: 20.556 Thread 0x0000018c7b91c000 4151       1       io.netty.util.HashedWheelTimer::access$400 (5 bytes)
Event: 20.556 Thread 0x0000018c7b91c000 nmethod 4151 0x0000018c07d79f90 code [0x0000018c07d7a140, 0x0000018c07d7a1d8]

GC Heap History (20 events):
Event: 11.401 GC heap before
{Heap before GC invocations=51 (full 0):
 garbage-first heap   total 83968K, used 65313K [0x00000000e0000000, 0x0000000100000000)
  region size 1024K, 17 young (17408K), 3 survivors (3072K)
 Metaspace       used 38474K, capacity 39611K, committed 39856K, reserved 1085440K
  class space    used 4356K, capacity 4813K, committed 4864K, reserved 1048576K
}
Event: 11.405 GC heap after
{Heap after GC invocations=52 (full 0):
 garbage-first heap   total 83968K, used 52135K [0x00000000e0000000, 0x0000000100000000)
  region size 1024K, 3 young (3072K), 3 survivors (3072K)
 Metaspace       used 38474K, capacity 39611K, committed 39856K, reserved 1085440K
  class space    used 4356K, capacity 4813K, committed 4864K, reserved 1048576K
}
Event: 11.610 GC heap before
{Heap before GC invocations=53 (full 0):
 garbage-first heap   total 83968K, used 66471K [0x00000000e0000000, 0x0000000100000000)
  region size 1024K, 17 young (17408K), 3 survivors (3072K)
 Metaspace       used 39047K, capacity 40235K, committed 40496K, reserved 1085440K
  class space    used 4423K, capacity 4914K, committed 4992K, reserved 1048576K
}
Event: 11.614 GC heap after
{Heap after GC invocations=54 (full 0):
 garbage-first heap   total 83968K, used 52964K [0x00000000e0000000, 0x0000000100000000)
  region size 1024K, 2 young (2048K), 2 survivors (2048K)
 Metaspace       used 39047K, capacity 40235K, committed 40496K, reserved 1085440K
  class space    used 4423K, capacity 4914K, committed 4992K, reserved 1048576K
}
Event: 12.221 GC heap before
{Heap before GC invocations=54 (full 0):
 garbage-first heap   total 83968K, used 68324K [0x00000000e0000000, 0x0000000100000000)
  region size 1024K, 17 young (17408K), 2 survivors (2048K)
 Metaspace       used 39578K, capacity 40750K, committed 41008K, reserved 1085440K
  class space    used 4487K, capacity 4979K, committed 4992K, reserved 1048576K
}
Event: 12.225 GC heap after
{Heap after GC invocations=55 (full 0):
 garbage-first heap   total 83968K, used 54184K [0x00000000e0000000, 0x0000000100000000)
  region size 1024K, 2 young (2048K), 2 survivors (2048K)
 Metaspace       used 39578K, capacity 40750K, committed 41008K, reserved 1085440K
  class space    used 4487K, capacity 4979K, committed 4992K, reserved 1048576K
}
Event: 12.429 GC heap before
{Heap before GC invocations=56 (full 0):
 garbage-first heap   total 83968K, used 68520K [0x00000000e0000000, 0x0000000100000000)
  region size 1024K, 16 young (16384K), 2 survivors (2048K)
 Metaspace       used 40177K, capacity 41390K, committed 41648K, reserved 1085440K
  class space    used 4579K, capacity 5043K, committed 5120K, reserved 1048576K
}
Event: 12.432 GC heap after
{Heap after GC invocations=57 (full 0):
 garbage-first heap   total 83968K, used 55163K [0x00000000e0000000, 0x0000000100000000)
  region size 1024K, 2 young (2048K), 2 survivors (2048K)
 Metaspace       used 40177K, capacity 41390K, committed 41648K, reserved 1085440K
  class space    used 4579K, capacity 5043K, committed 5120K, reserved 1048576K
}
Event: 12.572 GC heap before
{Heap before GC invocations=57 (full 0):
 garbage-first heap   total 83968K, used 66427K [0x00000000e0000000, 0x0000000100000000)
  region size 1024K, 14 young (14336K), 2 survivors (2048K)
 Metaspace       used 40575K, capacity 41777K, committed 41904K, reserved 1085440K
  class space    used 4638K, capacity 5108K, committed 5120K, reserved 1048576K
}
Event: 12.575 GC heap after
{Heap after GC invocations=58 (full 0):
 garbage-first heap   total 83968K, used 56069K [0x00000000e0000000, 0x0000000100000000)
  region size 1024K, 2 young (2048K), 2 survivors (2048K)
 Metaspace       used 40575K, capacity 41777K, committed 41904K, reserved 1085440K
  class space    used 4638K, capacity 5108K, committed 5120K, reserved 1048576K
}
Event: 16.361 GC heap before
{Heap before GC invocations=59 (full 0):
 garbage-first heap   total 101376K, used 86789K [0x00000000e0000000, 0x0000000100000000)
  region size 1024K, 15 young (15360K), 2 survivors (2048K)
 Metaspace       used 41110K, capacity 42303K, committed 42544K, reserved 1087488K
  class space    used 4720K, capacity 5177K, committed 5248K, reserved 1048576K
}
Event: 16.374 GC heap after
{Heap after GC invocations=60 (full 0):
 garbage-first heap   total 101376K, used 74316K [0x00000000e0000000, 0x0000000100000000)
  region size 1024K, 1 young (1024K), 1 survivors (1024K)
 Metaspace       used 41110K, capacity 42303K, committed 42544K, reserved 1087488K
  class space    used 4720K, capacity 5177K, committed 5248K, reserved 1048576K
}
Event: 17.010 GC heap before
{Heap before GC invocations=60 (full 0):
 garbage-first heap   total 101376K, used 86604K [0x00000000e0000000, 0x0000000100000000)
  region size 1024K, 13 young (13312K), 1 survivors (1024K)
 Metaspace       used 42142K, capacity 43371K, committed 43440K, reserved 1087488K
  class space    used 4838K, capacity 5321K, committed 5376K, reserved 1048576K
}
Event: 17.019 GC heap after
{Heap after GC invocations=61 (full 0):
 garbage-first heap   total 101376K, used 75030K [0x00000000e0000000, 0x0000000100000000)
  region size 1024K, 2 young (2048K), 2 survivors (2048K)
 Metaspace       used 42142K, capacity 43371K, committed 43440K, reserved 1087488K
  class space    used 4838K, capacity 5321K, committed 5376K, reserved 1048576K
}
Event: 18.034 GC heap before
{Heap before GC invocations=62 (full 0):
 garbage-first heap   total 101376K, used 86294K [0x00000000e0000000, 0x0000000100000000)
  region size 1024K, 13 young (13312K), 2 survivors (2048K)
 Metaspace       used 42509K, capacity 43690K, committed 43952K, reserved 1087488K
  class space    used 4889K, capacity 5363K, committed 5376K, reserved 1048576K
}
Event: 18.045 GC heap after
{Heap after GC invocations=63 (full 0):
 garbage-first heap   total 101376K, used 76184K [0x00000000e0000000, 0x0000000100000000)
  region size 1024K, 2 young (2048K), 2 survivors (2048K)
 Metaspace       used 42509K, capacity 43690K, committed 43952K, reserved 1087488K
  class space    used 4889K, capacity 5363K, committed 5376K, reserved 1048576K
}
Event: 18.463 GC heap before
{Heap before GC invocations=63 (full 0):
 garbage-first heap   total 101376K, used 87448K [0x00000000e0000000, 0x0000000100000000)
  region size 1024K, 13 young (13312K), 2 survivors (2048K)
 Metaspace       used 42866K, capacity 44139K, committed 44336K, reserved 1087488K
  class space    used 4931K, capacity 5406K, committed 5504K, reserved 1048576K
}
Event: 18.470 GC heap after
{Heap after GC invocations=64 (full 0):
 garbage-first heap   total 101376K, used 77286K [0x00000000e0000000, 0x0000000100000000)
  region size 1024K, 2 young (2048K), 2 survivors (2048K)
 Metaspace       used 42866K, capacity 44139K, committed 44336K, reserved 1087488K
  class space    used 4931K, capacity 5406K, committed 5504K, reserved 1048576K
}
Event: 19.710 GC heap before
{Heap before GC invocations=65 (full 0):
 garbage-first heap   total 101376K, used 86502K [0x00000000e0000000, 0x0000000100000000)
  region size 1024K, 11 young (11264K), 2 survivors (2048K)
 Metaspace       used 43319K, capacity 44562K, committed 44720K, reserved 1089536K
  class space    used 4997K, capacity 5525K, committed 5632K, reserved 1048576K
}
Event: 19.722 GC heap after
{Heap after GC invocations=66 (full 0):
 garbage-first heap   total 101376K, used 77766K [0x00000000e0000000, 0x0000000100000000)
  region size 1024K, 1 young (1024K), 1 survivors (1024K)
 Metaspace       used 43319K, capacity 44562K, committed 44720K, reserved 1089536K
  class space    used 4997K, capacity 5525K, committed 5632K, reserved 1048576K
}

Deoptimization events (20 events):
Event: 19.492 Thread 0x0000018c7d1a8000 Uncommon trap: trap_request=0xffffffde fr.pc=0x0000018c07cc06fc relative=0x000000000000025c
Event: 19.492 Thread 0x0000018c7d1a8000 Uncommon trap: reason=class_check action=maybe_recompile pc=0x0000018c07cc06fc method=java.lang.String.equals(Ljava/lang/Object;)Z @ 8 c2
Event: 19.492 Thread 0x0000018c7d1a8000 DEOPT PACKING pc=0x0000018c07cc06fc sp=0x000000261d6f9dc0
Event: 19.492 Thread 0x0000018c7d1a8000 DEOPT UNPACKING pc=0x0000018c000278af sp=0x000000261d6f9d48 mode 2
Event: 19.492 Thread 0x0000018c7d1a8000 Uncommon trap: trap_request=0xffffffde fr.pc=0x0000018c07cc06fc relative=0x000000000000025c
Event: 19.492 Thread 0x0000018c7d1a8000 Uncommon trap: reason=class_check action=maybe_recompile pc=0x0000018c07cc06fc method=java.lang.String.equals(Ljava/lang/Object;)Z @ 8 c2
Event: 19.492 Thread 0x0000018c7d1a8000 DEOPT PACKING pc=0x0000018c07cc06fc sp=0x000000261d6f9d60
Event: 19.492 Thread 0x0000018c7d1a8000 DEOPT UNPACKING pc=0x0000018c000278af sp=0x000000261d6f9ce8 mode 2
Event: 19.492 Thread 0x0000018c7d1a8000 Uncommon trap: trap_request=0xffffffde fr.pc=0x0000018c07cc06fc relative=0x000000000000025c
Event: 19.492 Thread 0x0000018c7d1a8000 Uncommon trap: reason=class_check action=maybe_recompile pc=0x0000018c07cc06fc method=java.lang.String.equals(Ljava/lang/Object;)Z @ 8 c2
Event: 19.492 Thread 0x0000018c7d1a8000 DEOPT PACKING pc=0x0000018c07cc06fc sp=0x000000261d6f9dc0
Event: 19.492 Thread 0x0000018c7d1a8000 DEOPT UNPACKING pc=0x0000018c000278af sp=0x000000261d6f9d48 mode 2
Event: 19.493 Thread 0x0000018c7d1a8000 Uncommon trap: trap_request=0xffffffde fr.pc=0x0000018c07cc06fc relative=0x000000000000025c
Event: 19.493 Thread 0x0000018c7d1a8000 Uncommon trap: reason=class_check action=maybe_recompile pc=0x0000018c07cc06fc method=java.lang.String.equals(Ljava/lang/Object;)Z @ 8 c2
Event: 19.493 Thread 0x0000018c7d1a8000 DEOPT PACKING pc=0x0000018c07cc06fc sp=0x000000261d6f9dc0
Event: 19.493 Thread 0x0000018c7d1a8000 DEOPT UNPACKING pc=0x0000018c000278af sp=0x000000261d6f9d48 mode 2
Event: 20.476 Thread 0x0000018c7d1a8000 DEOPT PACKING pc=0x0000018c00c13067 sp=0x000000261d6f9a70
Event: 20.476 Thread 0x0000018c7d1a8000 DEOPT UNPACKING pc=0x0000018c000276ce sp=0x000000261d6f8f40 mode 0
Event: 20.476 Thread 0x0000018c7d1a8000 DEOPT PACKING pc=0x0000018c00c6601f sp=0x000000261d6f9a10
Event: 20.476 Thread 0x0000018c7d1a8000 DEOPT UNPACKING pc=0x0000018c000276ce sp=0x000000261d6f8eb0 mode 0

Classes redefined (0 events):
No events

Internal exceptions (20 events):
Event: 17.967 Thread 0x0000018c7f9cd800 Exception <a 'java/lang/ArrayIndexOutOfBoundsException'{0x00000000e5adf660}> (0x00000000e5adf660) thrown at [./src/hotspot/share/runtime/sharedRuntime.cpp, line 584]
Event: 17.967 Thread 0x0000018c7f9cd800 Exception <a 'java/lang/ArrayIndexOutOfBoundsException'{0x00000000e5ae0178}> (0x00000000e5ae0178) thrown at [./src/hotspot/share/runtime/sharedRuntime.cpp, line 584]
Event: 17.967 Thread 0x0000018c7f9cd800 Exception <a 'java/lang/ArrayIndexOutOfBoundsException'{0x00000000e5ae09e8}: Index 7 out of bounds for length 7> (0x00000000e5ae09e8) thrown at [./src/hotspot/share/interpreter/interpreterRuntime.cpp, line 444]
Event: 17.967 Thread 0x0000018c7f9cd800 Exception <a 'java/lang/ArrayIndexOutOfBoundsException'{0x00000000e5ae3720}> (0x00000000e5ae3720) thrown at [./src/hotspot/share/runtime/sharedRuntime.cpp, line 584]
Event: 17.967 Thread 0x0000018c7f9cd800 Exception <a 'java/lang/ArrayIndexOutOfBoundsException'{0x00000000e5ae4238}> (0x00000000e5ae4238) thrown at [./src/hotspot/share/runtime/sharedRuntime.cpp, line 584]
Event: 17.967 Thread 0x0000018c7f9cd800 Exception <a 'java/lang/ArrayIndexOutOfBoundsException'{0x00000000e5ae4aa8}: Index 7 out of bounds for length 7> (0x00000000e5ae4aa8) thrown at [./src/hotspot/share/interpreter/interpreterRuntime.cpp, line 444]
Event: 17.973 Thread 0x0000018c7f9cd800 Exception <a 'java/lang/ArrayIndexOutOfBoundsException'{0x00000000e5af68e0}> (0x00000000e5af68e0) thrown at [./src/hotspot/share/runtime/sharedRuntime.cpp, line 584]
Event: 17.973 Thread 0x0000018c7f9cd800 Exception <a 'java/lang/ArrayIndexOutOfBoundsException'{0x00000000e5af7150}> (0x00000000e5af7150) thrown at [./src/hotspot/share/runtime/sharedRuntime.cpp, line 584]
Event: 17.973 Thread 0x0000018c7f9cd800 Exception <a 'java/lang/ArrayIndexOutOfBoundsException'{0x00000000e5af79c0}: Index 11 out of bounds for length 11> (0x00000000e5af79c0) thrown at [./src/hotspot/share/interpreter/interpreterRuntime.cpp, line 444]
Event: 17.973 Thread 0x0000018c7f9cd800 Exception <a 'java/lang/ArrayIndexOutOfBoundsException'{0x00000000e5af8e78}> (0x00000000e5af8e78) thrown at [./src/hotspot/share/runtime/sharedRuntime.cpp, line 584]
Event: 17.973 Thread 0x0000018c7f9cd800 Exception <a 'java/lang/ArrayIndexOutOfBoundsException'{0x00000000e5af96e8}> (0x00000000e5af96e8) thrown at [./src/hotspot/share/runtime/sharedRuntime.cpp, line 584]
Event: 17.973 Thread 0x0000018c7f9cd800 Exception <a 'java/lang/ArrayIndexOutOfBoundsException'{0x00000000e5af9f58}: Index 9 out of bounds for length 9> (0x00000000e5af9f58) thrown at [./src/hotspot/share/interpreter/interpreterRuntime.cpp, line 444]
Event: 17.974 Thread 0x0000018c7f9cd800 Exception <a 'java/lang/ArrayIndexOutOfBoundsException'{0x00000000e5aff0f0}> (0x00000000e5aff0f0) thrown at [./src/hotspot/share/runtime/sharedRuntime.cpp, line 584]
Event: 17.974 Thread 0x0000018c7f9cd800 Exception <a 'java/lang/ArrayIndexOutOfBoundsException'{0x00000000e5affc08}> (0x00000000e5affc08) thrown at [./src/hotspot/share/runtime/sharedRuntime.cpp, line 584]
Event: 17.974 Thread 0x0000018c7f9cd800 Exception <a 'java/lang/ArrayIndexOutOfBoundsException'{0x00000000e59009f0}: Index 7 out of bounds for length 7> (0x00000000e59009f0) thrown at [./src/hotspot/share/interpreter/interpreterRuntime.cpp, line 444]
Event: 19.335 Thread 0x0000018c7d1a8000 Exception <a 'java/lang/IncompatibleClassChangeError'{0x00000000e61036f0}: Found class java.lang.Object, but interface was expected> (0x00000000e61036f0) thrown at [./src/hotspot/share/interpreter/linkResolver.cpp, line 839]
Event: 19.337 Thread 0x0000018c7d1a8000 Exception <a 'java/lang/IncompatibleClassChangeError'{0x00000000e6106e98}: Found class java.lang.Object, but interface was expected> (0x00000000e6106e98) thrown at [./src/hotspot/share/interpreter/linkResolver.cpp, line 839]
Event: 19.338 Thread 0x0000018c7d1a8000 Exception <a 'java/lang/IncompatibleClassChangeError'{0x00000000e610c7d8}: Found class java.lang.Object, but interface was expected> (0x00000000e610c7d8) thrown at [./src/hotspot/share/interpreter/linkResolver.cpp, line 839]
Event: 19.339 Thread 0x0000018c7d1a8000 Exception <a 'java/lang/IncompatibleClassChangeError'{0x00000000e610fcf8}: Found class java.lang.Object, but interface was expected> (0x00000000e610fcf8) thrown at [./src/hotspot/share/interpreter/linkResolver.cpp, line 839]
Event: 19.694 Thread 0x0000018c7d1a8000 Exception <a 'java/lang/NoSuchMethodError'{0x00000000e5af2b88}: 'long java.lang.invoke.DirectMethodHandle$Holder.invokeSpecial(java.lang.Object, java.lang.Object)'> (0x00000000e5af2b88) thrown at [./src/hotspot/share/interpreter/linkResolver.cpp, line 773]

Events (20 events):
Event: 20.034 Executing VM operation: RevokeBias
Event: 20.034 Executing VM operation: RevokeBias done
Event: 20.454 loading class com/google/common/io/Resources
Event: 20.454 loading class com/google/common/io/Resources done
Event: 20.462 loading class com/google/common/io/Resources$UrlByteSource
Event: 20.462 loading class com/google/common/io/Resources$UrlByteSource done
Event: 20.464 loading class com/google/common/io/LineProcessor
Event: 20.464 loading class com/google/common/io/LineProcessor done
Event: 20.466 loading class com/google/common/io/Closer
Event: 20.466 loading class com/google/common/io/Closer done
Event: 20.469 loading class com/google/common/io/Closer$Suppressor
Event: 20.469 loading class com/google/common/io/Closer$Suppressor done
Event: 20.470 loading class com/google/common/io/Closer$SuppressingSuppressor
Event: 20.470 loading class com/google/common/io/Closer$SuppressingSuppressor done
Event: 20.478 loading class org/openqa/selenium/remote/internal/WebElementToJsonConverter
Event: 20.478 loading class org/openqa/selenium/remote/internal/WebElementToJsonConverter done
Event: 20.492 Executing VM operation: RevokeBias
Event: 20.492 Executing VM operation: RevokeBias done
Event: 20.492 Executing VM operation: RevokeBias
Event: 20.492 Executing VM operation: RevokeBias done


Dynamic libraries:
0x00007ff67ba00000 - 0x00007ff67ba0d000 	C:\Program Files\AdoptOpenJDK\jdk-11.0.10.9-hotspot\bin\java.exe
0x00007ffbf6630000 - 0x00007ffbf6825000 	C:\WINDOWS\SYSTEM32\ntdll.dll
0x00007ffbf6020000 - 0x00007ffbf60de000 	C:\WINDOWS\System32\KERNEL32.DLL
0x00007ffbf4190000 - 0x00007ffbf4458000 	C:\WINDOWS\System32\KERNELBASE.dll
0x00007ffbf4060000 - 0x00007ffbf4160000 	C:\WINDOWS\System32\ucrtbase.dll
0x00007ffbd2840000 - 0x00007ffbd2855000 	C:\Program Files\AdoptOpenJDK\jdk-11.0.10.9-hotspot\bin\VCRUNTIME140.dll
0x00007ffbd23a0000 - 0x00007ffbd23b7000 	C:\Program Files\AdoptOpenJDK\jdk-11.0.10.9-hotspot\bin\jli.dll
0x00007ffbf6440000 - 0x00007ffbf65e1000 	C:\WINDOWS\System32\USER32.dll
0x00007ffbf4030000 - 0x00007ffbf4052000 	C:\WINDOWS\System32\win32u.dll
0x00007ffbe0c10000 - 0x00007ffbe0eaa000 	C:\WINDOWS\WinSxS\amd64_microsoft.windows.common-controls_6595b64144ccf1df_6.0.19041.1110_none_60b5254171f9507e\COMCTL32.dll
0x00007ffbf4750000 - 0x00007ffbf47ee000 	C:\WINDOWS\System32\msvcrt.dll
0x00007ffbf49c0000 - 0x00007ffbf49eb000 	C:\WINDOWS\System32\GDI32.dll
0x00007ffbf3f20000 - 0x00007ffbf402d000 	C:\WINDOWS\System32\gdi32full.dll
0x00007ffbf3d90000 - 0x00007ffbf3e2d000 	C:\WINDOWS\System32\msvcp_win.dll
0x00007ffbf4df0000 - 0x00007ffbf4e20000 	C:\WINDOWS\System32\IMM32.DLL
0x00007ffbb95d0000 - 0x00007ffbb966b000 	C:\Program Files\AdoptOpenJDK\jdk-11.0.10.9-hotspot\bin\msvcp140.dll
0x00007ffb90310000 - 0x00007ffb90e53000 	C:\Program Files\AdoptOpenJDK\jdk-11.0.10.9-hotspot\bin\server\jvm.dll
0x00007ffbf5b40000 - 0x00007ffbf5bec000 	C:\WINDOWS\System32\ADVAPI32.dll
0x00007ffbf5cc0000 - 0x00007ffbf5d5b000 	C:\WINDOWS\System32\sechost.dll
0x00007ffbf4ba0000 - 0x00007ffbf4cca000 	C:\WINDOWS\System32\RPCRT4.dll
0x00007ffbf49b0000 - 0x00007ffbf49b8000 	C:\WINDOWS\System32\PSAPI.DLL
0x00007ffbec700000 - 0x00007ffbec727000 	C:\WINDOWS\SYSTEM32\WINMM.dll
0x00007ffbec730000 - 0x00007ffbec73a000 	C:\WINDOWS\SYSTEM32\VERSION.dll
0x00007ffbd6dd0000 - 0x00007ffbd6dd9000 	C:\WINDOWS\SYSTEM32\WSOCK32.dll
0x00007ffbf5bf0000 - 0x00007ffbf5c5b000 	C:\WINDOWS\System32\WS2_32.dll
0x00007ffbf25d0000 - 0x00007ffbf25e2000 	C:\WINDOWS\SYSTEM32\kernel.appcore.dll
0x00007ffbd2f10000 - 0x00007ffbd2f20000 	C:\Program Files\AdoptOpenJDK\jdk-11.0.10.9-hotspot\bin\verify.dll
0x00007ffbf1bc0000 - 0x00007ffbf1da4000 	C:\WINDOWS\SYSTEM32\DBGHELP.DLL
0x00007ffbe1fd0000 - 0x00007ffbe1ffc000 	C:\WINDOWS\SYSTEM32\dbgcore.DLL
0x00007ffbf3e90000 - 0x00007ffbf3f12000 	C:\WINDOWS\System32\bcryptPrimitives.dll
0x00007ffbd2370000 - 0x00007ffbd2398000 	C:\Program Files\AdoptOpenJDK\jdk-11.0.10.9-hotspot\bin\java.dll
0x00007ffbd2830000 - 0x00007ffbd283a000 	C:\Program Files\AdoptOpenJDK\jdk-11.0.10.9-hotspot\bin\jimage.dll
0x00007ffbf1110000 - 0x00007ffbf111e000 	C:\Program Files\AdoptOpenJDK\jdk-11.0.10.9-hotspot\bin\instrument.dll
0x00007ffbd2350000 - 0x00007ffbd2367000 	C:\Program Files\AdoptOpenJDK\jdk-11.0.10.9-hotspot\bin\zip.dll
0x00007ffbf4e30000 - 0x00007ffbf5574000 	C:\WINDOWS\System32\SHELL32.dll
0x00007ffbf1db0000 - 0x00007ffbf2544000 	C:\WINDOWS\SYSTEM32\windows.storage.dll
0x00007ffbf60e0000 - 0x00007ffbf6435000 	C:\WINDOWS\System32\combase.dll
0x00007ffbf36c0000 - 0x00007ffbf36ee000 	C:\WINDOWS\SYSTEM32\Wldp.dll
0x00007ffbf4870000 - 0x00007ffbf491d000 	C:\WINDOWS\System32\SHCORE.dll
0x00007ffbf5a00000 - 0x00007ffbf5a55000 	C:\WINDOWS\System32\shlwapi.dll
0x00007ffbf3c80000 - 0x00007ffbf3c9f000 	C:\WINDOWS\SYSTEM32\profapi.dll
0x00007ffbd2090000 - 0x00007ffbd20a9000 	C:\Program Files\AdoptOpenJDK\jdk-11.0.10.9-hotspot\bin\net.dll
0x00007ffbe85a0000 - 0x00007ffbe86ac000 	C:\WINDOWS\SYSTEM32\WINHTTP.dll
0x00007ffbf33d0000 - 0x00007ffbf343a000 	C:\WINDOWS\system32\mswsock.dll
0x00007ffbd2070000 - 0x00007ffbd2082000 	C:\Program Files\AdoptOpenJDK\jdk-11.0.10.9-hotspot\bin\nio.dll
0x00007ffbf3590000 - 0x00007ffbf35a8000 	C:\WINDOWS\SYSTEM32\CRYPTSP.dll
0x00007ffbf2d60000 - 0x00007ffbf2d94000 	C:\WINDOWS\system32\rsaenh.dll
0x00007ffbf4160000 - 0x00007ffbf4187000 	C:\WINDOWS\System32\bcrypt.dll
0x00007ffbf3c40000 - 0x00007ffbf3c6e000 	C:\WINDOWS\SYSTEM32\USERENV.dll
0x00007ffbf3580000 - 0x00007ffbf358c000 	C:\WINDOWS\SYSTEM32\CRYPTBASE.dll
0x00007ffbf30d0000 - 0x00007ffbf310b000 	C:\WINDOWS\SYSTEM32\IPHLPAPI.DLL
0x00007ffbf5b30000 - 0x00007ffbf5b38000 	C:\WINDOWS\System32\NSI.dll
0x00007ffbec6e0000 - 0x00007ffbec6f7000 	C:\WINDOWS\SYSTEM32\dhcpcsvc6.DLL
0x00007ffbeb0f0000 - 0x00007ffbeb10d000 	C:\WINDOWS\SYSTEM32\dhcpcsvc.DLL
0x00007ffbf3110000 - 0x00007ffbf31db000 	C:\WINDOWS\SYSTEM32\DNSAPI.dll
0x00007ffbd30a0000 - 0x00007ffbd30b7000 	C:\WINDOWS\system32\napinsp.dll
0x00007ffbeea80000 - 0x00007ffbeea9b000 	C:\WINDOWS\system32\pnrpnsp.dll
0x00007ffbd17d0000 - 0x00007ffbd17e5000 	C:\WINDOWS\system32\wshbth.dll
0x00007ffbef350000 - 0x00007ffbef36d000 	C:\WINDOWS\system32\NLAapi.dll
0x00007ffbf11c0000 - 0x00007ffbf11d2000 	C:\WINDOWS\System32\winrnr.dll
0x00007ffbe80e0000 - 0x00007ffbe80ea000 	C:\Windows\System32\rasadhlp.dll
0x00007ffbe8170000 - 0x00007ffbe81ef000 	C:\WINDOWS\System32\fwpuclnt.dll
0x00007ffbd24b0000 - 0x00007ffbd24b9000 	C:\Program Files\AdoptOpenJDK\jdk-11.0.10.9-hotspot\bin\management.dll
0x00007ffbd2340000 - 0x00007ffbd234b000 	C:\Program Files\AdoptOpenJDK\jdk-11.0.10.9-hotspot\bin\management_ext.dll
0x00007ffbd2020000 - 0x00007ffbd202e000 	C:\Program Files\AdoptOpenJDK\jdk-11.0.10.9-hotspot\bin\sunmscapi.dll
0x00007ffbf4510000 - 0x00007ffbf4666000 	C:\WINDOWS\System32\CRYPT32.dll
0x00007ffbf3730000 - 0x00007ffbf3757000 	C:\WINDOWS\SYSTEM32\ncrypt.dll
0x00007ffbf36f0000 - 0x00007ffbf372b000 	C:\WINDOWS\SYSTEM32\NTASN1.dll
0x00007ffbc9010000 - 0x00007ffbc9035000 	C:\Program Files\AdoptOpenJDK\jdk-11.0.10.9-hotspot\bin\sunec.dll

dbghelp: loaded successfully - version: 4.0.5 - missing functions: none
symbol engine: initialized successfully - sym options: 0x614 - pdb path: .;C:\Program Files\AdoptOpenJDK\jdk-11.0.10.9-hotspot\bin;C:\WINDOWS\SYSTEM32;C:\WINDOWS\WinSxS\amd64_microsoft.windows.common-controls_6595b64144ccf1df_6.0.19041.1110_none_60b5254171f9507e;C:\Program Files\AdoptOpenJDK\jdk-11.0.10.9-hotspot\bin\server

VM Arguments:
jvm_args: -Dallure.results.directory=C:\Users\ilich\IdeaProjects\Diploma1\build\allure-results -Ddb.password=pass -Ddb.url=jdbc:mysql://localhost:3306/app -Ddb.user=app -Dorg.gradle.native=false -Dselenide.headless -Dsut.url=localhost:8080 -javaagent:C:\Users\ilich\.gradle\caches\modules-2\files-2.1\org.aspectj\aspectjweaver\1.8.10\e198c5fee28988c355f74e06461614eae36b2032\aspectjweaver-1.8.10.jar -Xmx512m -Dfile.encoding=windows-1251 -Duser.country=RU -Duser.language=ru -Duser.variant -ea 
java_command: worker.org.gradle.process.internal.worker.GradleWorkerMain 'Gradle Test Executor 8'
java_class_path (initial): C:\\Users\\ilich\\.gradle\\caches\\6.8\\workerMain\\gradle-worker.jar;C:\\Users\\ilich\\IdeaProjects\\Diploma1\\build\\classes\\java\\test;C:\\Users\\ilich\\IdeaProjects\\Diploma1\\build\\resources\\test;C:\\Users\\ilich\\IdeaProjects\\Diploma1\\build\\classes\\java\\main;C:\\Users\\ilich\\IdeaProjects\\Diploma1\\build\\resources\\main;C:\\Users\\ilich\\.gradle\\caches\\modules-2\\files-2.1\\ch.qos.logback\\logback-classic\\1.2.8\\22d21c4dfc77adf6f2f24bf3991846792de50b48\\logback-classic-1.2.8.jar;C:\\Users\\ilich\\.gradle\\caches\\modules-2\\files-2.1\\io.qameta.allure\\allure-junit5\\2.15.0\\95411f15a7ad1dace36049f6b595c5837f9ef8a9\\allure-junit5-2.15.0.jar;C:\\Users\\ilich\\.gradle\\caches\\modules-2\\files-2.1\\io.qameta.allure\\allure-junit-platform\\2.15.0\\c991a0ffc14ec62f79904e440e80f347eb238f1f\\allure-junit-platform-2.15.0.jar;C:\\Users\\ilich\\.gradle\\caches\\modules-2\\files-2.1\\org.junit.jupiter\\junit-jupiter-params\\5.8.2\\ddeafe92fc263f895bfb73ffeca7fd56e23c2cce\\junit-jupiter-params-5.8.2.jar;C:\\Users\\ilich\\.gradle\\caches\\modules-2\\files-2.1\\org.junit.jupiter\\junit-jupiter-engine\\5.8.2\\c598b4328d2f397194d11df3b1648d68d7d990e3\\junit-jupiter-engine-5.8.2.jar;C:\\Users\\ilich\\.gradle\\caches\\modules-2\\files-2.1\\org.junit.jupiter\\junit-jupiter-api\\5.8.2\\4c21029217adf07e4c0d0c5e192b6bf610c94bdc\\junit-jupiter-api-5.8.2.jar;C:\\Users\\ilich\\.gradle\\caches\\modules-2\\files-2.1\\org.junit.platform\\junit-platform-launcher\\1.8.2\\c334fcee82b81311ab5c426ec2d52d467c8d0b28\\junit-platform-launcher-1.8.2.jar;C:\\Users\\ilich\\.gradle\\caches\\modules-2\\files-2.1\\org.junit.platform\\junit-platform-engine\\1.8.2\\b737de09f19864bd136805c84df7999a142fec29\\junit-platform-engine-1.8.2.jar;C:\\Users\\ilich\\.gradle\\caches\\modules-2\\files-2.1\\org.junit.platform\\junit-platform-commons\\1.8.2\\32c8b8617c1342376fd5af2053da6410d8866861\\junit-platform-commons-1.8.2.jar;C:\\Users\\ilich\\.gradle\\caches\\modules-2\
Launcher Type: SUN_STANDARD

[Global flags]
     intx CICompilerCount                          = 3                                         {product} {ergonomic}
     uint ConcGCThreads                            = 1                                         {product} {ergonomic}
     uint G1ConcRefinementThreads                  = 4                                         {product} {ergonomic}
   size_t G1HeapRegionSize                         = 1048576                                   {product} {ergonomic}
    uintx GCDrainStackTargetSize                   = 64                                        {product} {ergonomic}
   size_t InitialHeapSize                          = 58720256                                  {product} {ergonomic}
   size_t MarkStackSize                            = 4194304                                   {product} {ergonomic}
   size_t MaxHeapSize                              = 536870912                                 {product} {command line}
   size_t MaxNewSize                               = 321912832                                 {product} {ergonomic}
   size_t MinHeapDeltaBytes                        = 1048576                                   {product} {ergonomic}
    uintx NonNMethodCodeHeapSize                   = 5830732                                {pd product} {ergonomic}
    uintx NonProfiledCodeHeapSize                  = 122913754                              {pd product} {ergonomic}
    uintx ProfiledCodeHeapSize                     = 122913754                              {pd product} {ergonomic}
    uintx ReservedCodeCacheSize                    = 251658240                              {pd product} {ergonomic}
     bool SegmentedCodeCache                       = true                                      {product} {ergonomic}
     bool UseCompressedClassPointers               = true                                 {lp64_product} {ergonomic}
     bool UseCompressedOops                        = true                                 {lp64_product} {ergonomic}
     bool UseG1GC                                  = true                                      {product} {ergonomic}
     bool UseLargePagesIndividualAllocation        = false                                  {pd product} {ergonomic}

Logging:
Log output configuration:
 #0: stdout all=warning uptime,level,tags
 #1: stderr all=off uptime,level,tags

Environment Variables:
PATH=C:\Program Files\AdoptOpenJDK\jdk-11.0.10.9-hotspot\bin;C:\WINDOWS\system32;C:\WINDOWS;C:\WINDOWS\System32\Wbem;C:\WINDOWS\System32\WindowsPowerShell\v1.0\;C:\WINDOWS\System32\OpenSSH\;C:\Program Files\Git\cmd;C:\Program Files\Docker\Docker\resources\bin;C:\ProgramData\DockerDesktop\version-bin;C:\Users\ilich\AppData\Local\Microsoft\WindowsApps;C:\Users\ilich\AppData\Local\Programs\Microsoft VS Code\bin
USERNAME=ilich
OS=Windows_NT
PROCESSOR_IDENTIFIER=AMD64 Family 23 Model 24 Stepping 1, AuthenticAMD



---------------  S Y S T E M  ---------------

OS: Windows 10 , 64 bit Build 19041 (10.0.19041.1348)
OS uptime: 1 days 2:48 hours
Hyper-V role detected

CPU:total 4 (initial active 4) (4 cores per cpu, 2 threads per core) family 23 model 24 stepping 1 microcode 0x0, cmov, cx8, fxsr, mmx, sse, sse2, sse3, ssse3, sse4.1, sse4.2, popcnt, avx, avx2, aes, clmul, mmxext, 3dnowpref, lzcnt, sse4a, ht, tsc, tscinvbit, tscinv, bmi1, bmi2, adx, s

Memory: 4k page, system-wide physical 3522M (165M free)
TotalPageFile size 14274M (AvailPageFile size 17M)
current process WorkingSet (physical memory assigned to process): 174M, peak: 230M
current process commit charge ("private bytes"): 320M, peak: 321M

vm_info: OpenJDK 64-Bit Server VM (11.0.10+9) for windows-amd64 JRE (11.0.10+9), built on Jan 20 2021 06:07:07 by "" with MS VC++ 15.9 (VS2017)

END.
